<?xml version="1.0" encoding="UTF-8"?>
<!-- Generated by org.testng.reporters.JUnitReportReporter -->
<testsuite hostname="Gayathri" failures="0" tests="22" name="com.runner.RunnerClass" time="577.794" errors="0" timestamp="2025-04-12T20:31:57 IST" skipped="0">
  <testcase classname="com.runner.RunnerClass" name="runScenario" time="55.702"/>
  <testcase classname="com.runner.RunnerClass" name="runScenario" time="7.739"/>
  <testcase classname="com.runner.RunnerClass" name="runScenario" time="7.841"/>
  <testcase classname="com.runner.RunnerClass" name="runScenario" time="39.430"/>
  <testcase classname="com.runner.RunnerClass" name="runScenario" time="8.690"/>
  <testcase classname="com.runner.RunnerClass" name="runScenario" time="38.680"/>
  <testcase classname="com.runner.RunnerClass" name="runScenario" time="17.346"/>
  <testcase classname="com.runner.RunnerClass" name="runScenario" time="49.840"/>
  <testcase classname="com.runner.RunnerClass" name="runScenario" time="7.989"/>
  <testcase classname="com.runner.RunnerClass" name="runScenario" time="11.583"/>
  <testcase classname="com.runner.RunnerClass" name="runScenario" time="12.289"/>
  <testcase classname="com.runner.RunnerClass" name="runScenario" time="24.245"/>
  <testcase classname="com.runner.RunnerClass" name="runScenario" time="57.653"/>
  <testcase classname="com.runner.RunnerClass" name="runScenario" time="16.800"/>
  <testcase classname="com.runner.RunnerClass" name="runScenario" time="48.985"/>
  <testcase classname="com.runner.RunnerClass" name="runScenario" time="18.219"/>
  <testcase classname="com.runner.RunnerClass" name="runScenario" time="27.088"/>
  <testcase classname="com.runner.RunnerClass" name="runScenario" time="16.713"/>
  <testcase classname="com.runner.RunnerClass" name="runScenario" time="17.088"/>
  <testcase classname="com.runner.RunnerClass" name="runScenario" time="22.041"/>
  <testcase classname="com.runner.RunnerClass" name="runScenario" time="50.075"/>
  <testcase classname="com.runner.RunnerClass" name="runScenario" time="21.758"/>
</testsuite> <!-- com.runner.RunnerClass -->
