<?xml version="1.0" encoding="UTF-8"?>
<!-- Generated by org.testng.reporters.JUnitReportReporter -->
<testsuite hostname="Gayathri" failures="0" tests="18" name="com.runner.RunnerClass" time="878.249" errors="1" timestamp="2025-05-02T15:00:25 IST" skipped="0">
  <testcase classname="com.runner.RunnerClass" name="runScenario" time="83.485"/>
  <testcase classname="com.runner.RunnerClass" name="runScenario" time="27.833"/>
  <testcase classname="com.runner.RunnerClass" name="runScenario" time="17.195"/>
  <testcase classname="com.runner.RunnerClass" name="runScenario" time="61.799"/>
  <testcase classname="com.runner.RunnerClass" name="runScenario" time="27.201"/>
  <testcase classname="com.runner.RunnerClass" name="runScenario" time="75.886"/>
  <testcase classname="com.runner.RunnerClass" name="runScenario" time="23.989"/>
  <testcase classname="com.runner.RunnerClass" name="runScenario" time="23.995">
    <error message="The step &#039;the doctor Clicks the Show option in OPD section&#039; is undefined.
You can implement this step using the snippet(s) below:

@When(&quot;the doctor Clicks the Show option in OPD section&quot;)
public void the_doctor_clicks_the_show_option_in_opd_section() {
    // Write code here that turns the phrase above into concrete actions
    throw new io.cucumber.java.PendingException();
}
" type="io.cucumber.testng.UndefinedStepException">
      <![CDATA[io.cucumber.testng.UndefinedStepException: The step 'the doctor Clicks the Show option in OPD section' is undefined.
You can implement this step using the snippet(s) below:

@When("the doctor Clicks the Show option in OPD section")
public void the_doctor_clicks_the_show_option_in_opd_section() {
    // Write code here that turns the phrase above into concrete actions
    throw new io.cucumber.java.PendingException();
}

at io.cucumber.core.runtime.TestCaseResultObserver.assertTestCasePassed(TestCaseResultObserver.java:69)
at io.cucumber.testng.TestCaseResultObserver.assertTestCasePassed(TestCaseResultObserver.java:23)
at io.cucumber.testng.TestNGCucumberRunner.lambda$runScenario$1(TestNGCucumberRunner.java:136)
at io.cucumber.core.runtime.CucumberExecutionContext.lambda$runTestCase$5(CucumberExecutionContext.java:136)
at io.cucumber.core.runtime.RethrowingThrowableCollector.executeAndThrow(RethrowingThrowableCollector.java:23)
at io.cucumber.core.runtime.CucumberExecutionContext.runTestCase(CucumberExecutionContext.java:136)
at io.cucumber.testng.TestNGCucumberRunner.runScenario(TestNGCucumberRunner.java:132)
at io.cucumber.testng.AbstractTestNGCucumberTests.runScenario(AbstractTestNGCucumberTests.java:35)
at java.base/jdk.internal.reflect.DirectMethodHandleAccessor.invoke(DirectMethodHandleAccessor.java:103)
at java.base/java.lang.reflect.Method.invoke(Method.java:580)
at org.testng.internal.invokers.MethodInvocationHelper.invokeMethod(MethodInvocationHelper.java:141)
at org.testng.internal.invokers.TestInvoker.invokeMethod(TestInvoker.java:687)
at org.testng.internal.invokers.TestInvoker.invokeTestMethod(TestInvoker.java:230)
at org.testng.internal.invokers.TestMethodWithDataProviderMethodWorker.call(TestMethodWithDataProviderMethodWorker.java:81)
at org.testng.internal.thread.Async$AsyncTask.run(Async.java:34)
at java.base/java.util.concurrent.ThreadPoolExecutor.runWorker(ThreadPoolExecutor.java:1144)
at java.base/java.util.concurrent.ThreadPoolExecutor$Worker.run(ThreadPoolExecutor.java:642)
at java.base/java.lang.Thread.run(Thread.java:1583)
]]>
    </error>
  </testcase> <!-- runScenario -->
  <testcase classname="com.runner.RunnerClass" name="runScenario" time="78.297"/>
  <testcase classname="com.runner.RunnerClass" name="runScenario" time="28.276"/>
  <testcase classname="com.runner.RunnerClass" name="runScenario" time="63.688"/>
  <testcase classname="com.runner.RunnerClass" name="runScenario" time="63.807"/>
  <testcase classname="com.runner.RunnerClass" name="runScenario" time="14.774"/>
  <testcase classname="com.runner.RunnerClass" name="runScenario" time="61.975"/>
  <testcase classname="com.runner.RunnerClass" name="runScenario" time="62.741"/>
  <testcase classname="com.runner.RunnerClass" name="runScenario" time="23.719"/>
  <testcase classname="com.runner.RunnerClass" name="runScenario" time="63.836"/>
  <testcase classname="com.runner.RunnerClass" name="runScenario" time="75.753"/>
</testsuite> <!-- com.runner.RunnerClass -->
