<?xml version="1.0" encoding="UTF-8"?>
<!-- Generated by org.testng.reporters.JUnitReportReporter -->
<testsuite hostname="Gayathri" failures="0" tests="12" name="com.runner.RunnerClass" time="878.268" errors="0" timestamp="2025-04-13T23:27:52 IST" skipped="0">
  <testcase classname="com.runner.RunnerClass" name="runScenario" time="84.366"/>
  <testcase classname="com.runner.RunnerClass" name="runScenario" time="84.306"/>
  <testcase classname="com.runner.RunnerClass" name="runScenario" time="84.415"/>
  <testcase classname="com.runner.RunnerClass" name="runScenario" time="84.522"/>
  <testcase classname="com.runner.RunnerClass" name="runScenario" time="84.506"/>
  <testcase classname="com.runner.RunnerClass" name="runScenario" time="18.714"/>
  <testcase classname="com.runner.RunnerClass" name="runScenario" time="84.738"/>
  <testcase classname="com.runner.RunnerClass" name="runScenario" time="84.484"/>
  <testcase classname="com.runner.RunnerClass" name="runScenario" time="84.588"/>
  <testcase classname="com.runner.RunnerClass" name="runScenario" time="15.121"/>
  <testcase classname="com.runner.RunnerClass" name="runScenario" time="84.254"/>
  <testcase classname="com.runner.RunnerClass" name="runScenario" time="84.254"/>
</testsuite> <!-- com.runner.RunnerClass -->
