<?xml version="1.0" encoding="UTF-8"?>
<!-- Generated by org.testng.reporters.JUnitReportReporter -->
<testsuite hostname="Gayathri" failures="0" tests="22" name="com.runner.RunnerClass" time="831.041" errors="0" timestamp="2025-04-12T15:08:37 IST" skipped="0">
  <testcase classname="com.runner.RunnerClass" name="runScenario" time="17.413"/>
  <testcase classname="com.runner.RunnerClass" name="runScenario" time="91.185"/>
  <testcase classname="com.runner.RunnerClass" name="runScenario" time="63.141"/>
  <testcase classname="com.runner.RunnerClass" name="runScenario" time="22.318"/>
  <testcase classname="com.runner.RunnerClass" name="runScenario" time="18.669"/>
  <testcase classname="com.runner.RunnerClass" name="runScenario" time="60.850"/>
  <testcase classname="com.runner.RunnerClass" name="runScenario" time="9.923"/>
  <testcase classname="com.runner.RunnerClass" name="runScenario" time="49.480"/>
  <testcase classname="com.runner.RunnerClass" name="runScenario" time="15.681"/>
  <testcase classname="com.runner.RunnerClass" name="runScenario" time="94.926"/>
  <testcase classname="com.runner.RunnerClass" name="runScenario" time="13.190"/>
  <testcase classname="com.runner.RunnerClass" name="runScenario" time="70.343"/>
  <testcase classname="com.runner.RunnerClass" name="runScenario" time="9.709"/>
  <testcase classname="com.runner.RunnerClass" name="runScenario" time="10.128"/>
  <testcase classname="com.runner.RunnerClass" name="runScenario" time="18.768"/>
  <testcase classname="com.runner.RunnerClass" name="runScenario" time="47.368"/>
  <testcase classname="com.runner.RunnerClass" name="runScenario" time="46.899"/>
  <testcase classname="com.runner.RunnerClass" name="runScenario" time="13.992"/>
  <testcase classname="com.runner.RunnerClass" name="runScenario" time="25.329"/>
  <testcase classname="com.runner.RunnerClass" name="runScenario" time="70.405"/>
  <testcase classname="com.runner.RunnerClass" name="runScenario" time="12.775"/>
  <testcase classname="com.runner.RunnerClass" name="runScenario" time="48.549"/>
</testsuite> <!-- com.runner.RunnerClass -->
