<?xml version="1.0" encoding="UTF-8"?>
<!-- Generated by org.testng.reporters.JUnitReportReporter -->
<testsuite hostname="LAPTOP-RG2DJRNT" failures="0" tests="1" name="com.runner.RunnerClass" time="17.743" errors="0" timestamp="2025-04-15T21:57:44 IST" skipped="0">
  <testcase classname="com.runner.RunnerClass" name="runScenario" time="17.743"/>
</testsuite> <!-- com.runner.RunnerClass -->
