<?xml version="1.0" encoding="UTF-8"?>
<!-- Generated by org.testng.reporters.JUnitReportReporter -->
<testsuite hostname="Gayathri" failures="0" tests="22" name="com.runner.RunnerClass" time="183.491" errors="0" timestamp="2025-04-11T15:39:04 IST" skipped="0">
  <testcase classname="com.runner.RunnerClass" name="runScenario" time="3.562"/>
  <testcase classname="com.runner.RunnerClass" name="runScenario" time="7.037"/>
  <testcase classname="com.runner.RunnerClass" name="runScenario" time="7.424"/>
  <testcase classname="com.runner.RunnerClass" name="runScenario" time="3.569"/>
  <testcase classname="com.runner.RunnerClass" name="runScenario" time="14.451"/>
  <testcase classname="com.runner.RunnerClass" name="runScenario" time="6.668"/>
  <testcase classname="com.runner.RunnerClass" name="runScenario" time="3.285"/>
  <testcase classname="com.runner.RunnerClass" name="runScenario" time="6.104"/>
  <testcase classname="com.runner.RunnerClass" name="runScenario" time="7.161"/>
  <testcase classname="com.runner.RunnerClass" name="runScenario" time="18.311"/>
  <testcase classname="com.runner.RunnerClass" name="runScenario" time="3.237"/>
  <testcase classname="com.runner.RunnerClass" name="runScenario" time="15.452"/>
  <testcase classname="com.runner.RunnerClass" name="runScenario" time="3.403"/>
  <testcase classname="com.runner.RunnerClass" name="runScenario" time="5.653"/>
  <testcase classname="com.runner.RunnerClass" name="runScenario" time="14.355"/>
  <testcase classname="com.runner.RunnerClass" name="runScenario" time="3.802"/>
  <testcase classname="com.runner.RunnerClass" name="runScenario" time="6.974"/>
  <testcase classname="com.runner.RunnerClass" name="runScenario" time="7.092"/>
  <testcase classname="com.runner.RunnerClass" name="runScenario" time="17.627"/>
  <testcase classname="com.runner.RunnerClass" name="runScenario" time="7.025"/>
  <testcase classname="com.runner.RunnerClass" name="runScenario" time="7.028"/>
  <testcase classname="com.runner.RunnerClass" name="runScenario" time="14.271"/>
</testsuite> <!-- com.runner.RunnerClass -->
