<?xml version="1.0" encoding="UTF-8"?>
<!-- Generated by org.testng.reporters.JUnitReportReporter -->
<testsuite hostname="GOWRISANKAR" failures="0" tests="3" name="com.runner.RunnerClass" time="46.882" errors="0" timestamp="2025-04-17T10:46:15 IST" skipped="0">
  <testcase classname="com.runner.RunnerClass" name="runScenario" time="15.876"/>
  <testcase classname="com.runner.RunnerClass" name="runScenario" time="15.956"/>
  <testcase classname="com.runner.RunnerClass" name="runScenario" time="15.050"/>
</testsuite> <!-- com.runner.RunnerClass -->
