<?xml version="1.0" encoding="UTF-8"?>
<!-- Generated by org.testng.reporters.JUnitReportReporter -->
<testsuite hostname="GOWRISANKAR" failures="0" tests="6" name="com.runner.RunnerClass" time="136.965" errors="1" timestamp="2025-05-01T14:19:27 IST" skipped="0">
  <testcase classname="com.runner.RunnerClass" name="runScenario" time="21.174"/>
  <testcase classname="com.runner.RunnerClass" name="runScenario" time="18.509"/>
  <testcase classname="com.runner.RunnerClass" name="runScenario" time="18.731"/>
  <testcase classname="com.runner.RunnerClass" name="runScenario" time="20.897"/>
  <testcase classname="com.runner.RunnerClass" name="runScenario" time="38.971">
    <error message="Expected condition failed: waiting for js return document.readyState === &#039;complete&#039; to be executable (tried for 20 second(s) with 500 milliseconds interval)
Build info: version: &#039;4.31.0&#039;, revision: &#039;1ef9f18787*&#039;
System info: os.name: &#039;Windows 11&#039;, os.arch: &#039;amd64&#039;, os.version: &#039;10.0&#039;, java.version: &#039;21.0.6&#039;
Driver info: org.openqa.selenium.chrome.ChromeDriver
Capabilities {acceptInsecureCerts: false, browserName: chrome, browserVersion: 135.0.7049.115, chrome: {chromedriverVersion: 135.0.7049.114 (63fd8a7d9d0..., userDataDir: C:\Users\GOWRIS~1\AppData\L...}, fedcm:accounts: true, goog:chromeOptions: {debuggerAddress: localhost:54555}, networkConnectionEnabled: false, pageLoadStrategy: normal, platformName: windows, proxy: Proxy(), se:cdp: ws://localhost:54555/devtoo..., se:cdpVersion: 135.0.7049.115, setWindowRect: true, strictFileInteractability: false, timeouts: {implicit: 0, pageLoad: 300000, script: 30000}, unhandledPromptBehavior: dismiss and notify, webauthn:extension:credBlob: true, webauthn:extension:largeBlob: true, webauthn:extension:minPinLength: true, webauthn:extension:prf: true, webauthn:virtualAuthenticators: true}
Session ID: 641ca85cd5e9667beae091efbca1297c" type="org.openqa.selenium.TimeoutException">
      <![CDATA[org.openqa.selenium.TimeoutException: Expected condition failed: waiting for js return document.readyState === 'complete' to be executable (tried for 20 second(s) with 500 milliseconds interval)
Build info: version: '4.31.0', revision: '1ef9f18787*'
System info: os.name: 'Windows 11', os.arch: 'amd64', os.version: '10.0', java.version: '21.0.6'
Driver info: org.openqa.selenium.chrome.ChromeDriver
Capabilities {acceptInsecureCerts: false, browserName: chrome, browserVersion: 135.0.7049.115, chrome: {chromedriverVersion: 135.0.7049.114 (63fd8a7d9d0..., userDataDir: C:\Users\GOWRIS~1\AppData\L...}, fedcm:accounts: true, goog:chromeOptions: {debuggerAddress: localhost:54555}, networkConnectionEnabled: false, pageLoadStrategy: normal, platformName: windows, proxy: Proxy(), se:cdp: ws://localhost:54555/devtoo..., se:cdpVersion: 135.0.7049.115, setWindowRect: true, strictFileInteractability: false, timeouts: {implicit: 0, pageLoad: 300000, script: 30000}, unhandledPromptBehavior: dismiss and notify, webauthn:extension:credBlob: true, webauthn:extension:largeBlob: true, webauthn:extension:minPinLength: true, webauthn:extension:prf: true, webauthn:virtualAuthenticators: true}
Session ID: 641ca85cd5e9667beae091efbca1297c
at org.openqa.selenium.support.ui.WebDriverWait.timeoutException(WebDriverWait.java:84)
at org.openqa.selenium.support.ui.FluentWait.until(FluentWait.java:228)
at com.actions.SocialMediaVerificationAction.switchToNewTab(SocialMediaVerificationAction.java:67)
at com.definitions.SocialMediaVerificationDefinition.the_user_clicks_on_the_link(SocialMediaVerificationDefinition.java:49)
at âœ½.the user click on the "Twitter" link(file:///D:/eclipse1/Smart_Hospital_Cucumber/SmartHospitals_Cucumber/src/test/resources/Features/verifing_Social_media_link.feature:13)
]]>
    </error>
  </testcase> <!-- runScenario -->
  <testcase classname="com.runner.RunnerClass" name="runScenario" time="18.683"/>
</testsuite> <!-- com.runner.RunnerClass -->
