<?xml version="1.0" encoding="UTF-8"?>
<!-- Generated by org.testng.reporters.JUnitReportReporter -->
<testsuite hostname="Gayathri" failures="0" tests="17" name="com.runner.RunnerClass" time="697.815" errors="0" timestamp="2025-04-30T11:09:57 IST" skipped="0">
  <testcase classname="com.runner.RunnerClass" name="runScenario" time="56.201"/>
  <testcase classname="com.runner.RunnerClass" name="runScenario" time="19.959"/>
  <testcase classname="com.runner.RunnerClass" name="runScenario" time="54.795"/>
  <testcase classname="com.runner.RunnerClass" name="runScenario" time="55.469"/>
  <testcase classname="com.runner.RunnerClass" name="runScenario" time="20.022"/>
  <testcase classname="com.runner.RunnerClass" name="runScenario" time="19.940"/>
  <testcase classname="com.runner.RunnerClass" name="runScenario" time="54.558"/>
  <testcase classname="com.runner.RunnerClass" name="runScenario" time="20.353"/>
  <testcase classname="com.runner.RunnerClass" name="runScenario" time="54.892"/>
  <testcase classname="com.runner.RunnerClass" name="runScenario" time="21.128"/>
  <testcase classname="com.runner.RunnerClass" name="runScenario" time="22.443"/>
  <testcase classname="com.runner.RunnerClass" name="runScenario" time="55.544"/>
  <testcase classname="com.runner.RunnerClass" name="runScenario" time="23.062"/>
  <testcase classname="com.runner.RunnerClass" name="runScenario" time="54.853"/>
  <testcase classname="com.runner.RunnerClass" name="runScenario" time="55.603"/>
  <testcase classname="com.runner.RunnerClass" name="runScenario" time="54.497"/>
  <testcase classname="com.runner.RunnerClass" name="runScenario" time="54.496"/>
</testsuite> <!-- com.runner.RunnerClass -->
