<?xml version="1.0" encoding="UTF-8"?>
<!-- Generated by org.testng.reporters.JUnitReportReporter -->
<testsuite hostname="LAPTOP-RG2DJRNT" failures="0" tests="22" name="com.runner.RunnerClass" time="192.085" errors="6" timestamp="2025-04-11T08:13:21 IST" skipped="0">
  <testcase classname="com.runner.RunnerClass" name="runScenario" time="3.940"/>
  <testcase classname="com.runner.RunnerClass" name="runScenario" time="6.582"/>
  <testcase classname="com.runner.RunnerClass" name="runScenario" time="16.935">
    <error message="Cannot invoke &quot;org.apache.poi.ss.usermodel.Workbook.getSheet(String)&quot; because &quot;this.workbook&quot; is null" type="java.lang.NullPointerException">
      <![CDATA[java.lang.NullPointerException: Cannot invoke "org.apache.poi.ss.usermodel.Workbook.getSheet(String)" because "this.workbook" is null
at com.utils.ExcelReader.getCellData(ExcelReader.java:16)
at com.actions.DoctorActions.addPatientDetails1(DoctorActions.java:56)
at com.definitions.DoctorDefinition.doctor_leaves_the_name_field_empty_in_patient_details(DoctorDefinition.java:69)
at ✽.Doctor leaves the Name field empty in patient details(file:///C:/Users/Dhanusheswaran%20M/git/Smart_Hospital_Cucumber_Project/SmartHospitals_Cucumber/src/test/resources/Features/DoctorFeature.feature:23)
]]>
    </error>
  </testcase> <!-- runScenario -->
  <testcase classname="com.runner.RunnerClass" name="runScenario" time="5.950"/>
  <testcase classname="com.runner.RunnerClass" name="runScenario" time="13.521">
    <error message="Cannot invoke &quot;org.apache.poi.ss.usermodel.Workbook.getSheet(String)&quot; because &quot;this.workbook&quot; is null" type="java.lang.NullPointerException">
      <![CDATA[java.lang.NullPointerException: Cannot invoke "org.apache.poi.ss.usermodel.Workbook.getSheet(String)" because "this.workbook" is null
at com.utils.ExcelReader.getCellData(ExcelReader.java:16)
at com.actions.DoctorActions.addPatientDetails(DoctorActions.java:36)
at com.definitions.DoctorDefinition.doctor_fills_in_patient_details(DoctorDefinition.java:33)
at ✽.Doctor fills in patient details(file:///C:/Users/Dhanusheswaran%20M/git/Smart_Hospital_Cucumber_Project/SmartHospitals_Cucumber/src/test/resources/Features/DoctorFeature.feature:16)
]]>
    </error>
  </testcase> <!-- runScenario -->
  <testcase classname="com.runner.RunnerClass" name="runScenario" time="4.276"/>
  <testcase classname="com.runner.RunnerClass" name="runScenario" time="7.508"/>
  <testcase classname="com.runner.RunnerClass" name="runScenario" time="7.381"/>
  <testcase classname="com.runner.RunnerClass" name="runScenario" time="5.983"/>
  <testcase classname="com.runner.RunnerClass" name="runScenario" time="14.143">
    <error message="Cannot invoke &quot;org.apache.poi.ss.usermodel.Workbook.getSheet(String)&quot; because &quot;this.workbook&quot; is null" type="java.lang.NullPointerException">
      <![CDATA[java.lang.NullPointerException: Cannot invoke "org.apache.poi.ss.usermodel.Workbook.getSheet(String)" because "this.workbook" is null
at com.utils.ExcelReader.getCellData(ExcelReader.java:16)
at com.actions.DoctorActions.addPatientDetails3(DoctorActions.java:82)
at com.definitions.DoctorDefinition.doctor_leaves_the_month_field_empty_in_patient_details(DoctorDefinition.java:85)
at ✽.Doctor leaves the Month field empty in patient details(file:///C:/Users/Dhanusheswaran%20M/git/Smart_Hospital_Cucumber_Project/SmartHospitals_Cucumber/src/test/resources/Features/DoctorFeature.feature:33)
]]>
    </error>
  </testcase> <!-- runScenario -->
  <testcase classname="com.runner.RunnerClass" name="runScenario" time="7.865"/>
  <testcase classname="com.runner.RunnerClass" name="runScenario" time="17.170">
    <error message="Cannot invoke &quot;org.apache.poi.ss.usermodel.Workbook.getSheet(String)&quot; because &quot;this.workbook&quot; is null" type="java.lang.NullPointerException">
      <![CDATA[java.lang.NullPointerException: Cannot invoke "org.apache.poi.ss.usermodel.Workbook.getSheet(String)" because "this.workbook" is null
at com.utils.ExcelReader.getCellData(ExcelReader.java:16)
at com.actions.DoctorActions.addPatientDetails2(DoctorActions.java:69)
at com.definitions.DoctorDefinition.doctor_leaves_the_year_field_empty_in_patient_details(DoctorDefinition.java:77)
at ✽.Doctor leaves the Year field empty in patient details(file:///C:/Users/Dhanusheswaran%20M/git/Smart_Hospital_Cucumber_Project/SmartHospitals_Cucumber/src/test/resources/Features/DoctorFeature.feature:28)
]]>
    </error>
  </testcase> <!-- runScenario -->
  <testcase classname="com.runner.RunnerClass" name="runScenario" time="7.897"/>
  <testcase classname="com.runner.RunnerClass" name="runScenario" time="4.116"/>
  <testcase classname="com.runner.RunnerClass" name="runScenario" time="13.910">
    <error message="Cannot invoke &quot;org.apache.poi.ss.usermodel.Workbook.getSheet(String)&quot; because &quot;this.workbook&quot; is null" type="java.lang.NullPointerException">
      <![CDATA[java.lang.NullPointerException: Cannot invoke "org.apache.poi.ss.usermodel.Workbook.getSheet(String)" because "this.workbook" is null
at com.utils.ExcelReader.getCellData(ExcelReader.java:16)
at com.actions.DoctorActions.addPatientDetails4(DoctorActions.java:95)
at com.definitions.DoctorDefinition.doctor_leaves_the_day_field_empty_in_patient_details(DoctorDefinition.java:93)
at ✽.Doctor leaves the Day field empty in patient details(file:///C:/Users/Dhanusheswaran%20M/git/Smart_Hospital_Cucumber_Project/SmartHospitals_Cucumber/src/test/resources/Features/DoctorFeature.feature:38)
]]>
    </error>
  </testcase> <!-- runScenario -->
  <testcase classname="com.runner.RunnerClass" name="runScenario" time="8.216"/>
  <testcase classname="com.runner.RunnerClass" name="runScenario" time="4.101"/>
  <testcase classname="com.runner.RunnerClass" name="runScenario" time="4.174"/>
  <testcase classname="com.runner.RunnerClass" name="runScenario" time="3.964"/>
  <testcase classname="com.runner.RunnerClass" name="runScenario" time="6.436"/>
  <testcase classname="com.runner.RunnerClass" name="runScenario" time="18.103">
    <error message="Cannot invoke &quot;org.apache.poi.ss.usermodel.Workbook.getSheet(String)&quot; because &quot;this.workbook&quot; is null" type="java.lang.NullPointerException">
      <![CDATA[java.lang.NullPointerException: Cannot invoke "org.apache.poi.ss.usermodel.Workbook.getSheet(String)" because "this.workbook" is null
at com.utils.ExcelReader.getCellData(ExcelReader.java:16)
at com.actions.DoctorActions.addPatientDetails(DoctorActions.java:36)
at com.definitions.DoctorDefinition.doctor_fills_in_patient_details(DoctorDefinition.java:33)
at ✽.Doctor fills in patient details(file:///C:/Users/Dhanusheswaran%20M/git/Smart_Hospital_Cucumber_Project/SmartHospitals_Cucumber/src/test/resources/Features/DoctorFeature.feature:8)
]]>
    </error>
  </testcase> <!-- runScenario -->
  <testcase classname="com.runner.RunnerClass" name="runScenario" time="9.914"/>
</testsuite> <!-- com.runner.RunnerClass -->
