<?xml version="1.0" encoding="UTF-8"?>
<!-- Generated by org.testng.reporters.JUnitReportReporter -->
<testsuite hostname="GOWRISANKAR" failures="0" tests="1" name="com.runner.RunnerClass" time="8.070" errors="0" timestamp="2025-04-14T13:04:05 IST" skipped="0">
  <testcase classname="com.runner.RunnerClass" name="runScenario" time="8.070"/>
</testsuite> <!-- com.runner.RunnerClass -->
