<?xml version="1.0" encoding="UTF-8"?>
<!-- Generated by org.testng.reporters.JUnitReportReporter -->
<testsuite hostname="Gayathri" failures="2" tests="18" name="com.runner.RunnerClass" time="910.570" errors="2" timestamp="2025-05-05T11:25:12 IST" skipped="0">
  <testcase classname="com.runner.RunnerClass" name="runScenario" time="68.027"/>
  <testcase classname="com.runner.RunnerClass" name="runScenario" time="80.658"/>
  <testcase classname="com.runner.RunnerClass" name="runScenario" time="80.528">
    <failure message="expected [true] but found [false]" type="java.lang.AssertionError">
      <![CDATA[java.lang.AssertionError: expected [true] but found [false]
at org.testng.Assert.fail(Assert.java:111)
at org.testng.Assert.failNotEquals(Assert.java:1590)
at org.testng.Assert.assertTrue(Assert.java:57)
at org.testng.Assert.assertTrue(Assert.java:67)
at com.actions.DoctorActions.addedPatient(DoctorActions.java:147)
at com.definitions.DoctorDefinition.patient_should_be_added_successfully(DoctorDefinition.java:45)
at ✽.Patient should be added successfully(file:///C:/Users/gayat/git/Smart_Hospital_Cucumber/SmartHospitals_Cucumber/src/test/resources/Features/DoctorFeature.feature:12)
]]>
    </failure>
  </testcase> <!-- runScenario -->
  <testcase classname="com.runner.RunnerClass" name="runScenario" time="84.839"/>
  <testcase classname="com.runner.RunnerClass" name="runScenario" time="56.305"/>
  <testcase classname="com.runner.RunnerClass" name="runScenario" time="53.591"/>
  <testcase classname="com.runner.RunnerClass" name="runScenario" time="10.735"/>
  <testcase classname="com.runner.RunnerClass" name="runScenario" time="31.029"/>
  <testcase classname="com.runner.RunnerClass" name="runScenario" time="18.234"/>
  <testcase classname="com.runner.RunnerClass" name="runScenario" time="69.855"/>
  <testcase classname="com.runner.RunnerClass" name="runScenario" time="21.049"/>
  <testcase classname="com.runner.RunnerClass" name="runScenario" time="80.575">
    <failure message="expected [true] but found [false]" type="java.lang.AssertionError">
      <![CDATA[java.lang.AssertionError: expected [true] but found [false]
at org.testng.Assert.fail(Assert.java:111)
at org.testng.Assert.failNotEquals(Assert.java:1590)
at org.testng.Assert.assertTrue(Assert.java:57)
at org.testng.Assert.assertTrue(Assert.java:67)
at com.actions.DoctorActions.addedPatient(DoctorActions.java:147)
at com.definitions.DoctorDefinition.patient_should_be_added_successfully(DoctorDefinition.java:45)
at ✽.Patient should be added successfully(file:///C:/Users/gayat/git/Smart_Hospital_Cucumber/SmartHospitals_Cucumber/src/test/resources/Features/DoctorFeature.feature:20)
]]>
    </failure>
  </testcase> <!-- runScenario -->
  <testcase classname="com.runner.RunnerClass" name="runScenario" time="11.110"/>
  <testcase classname="com.runner.RunnerClass" name="runScenario" time="32.367"/>
  <testcase classname="com.runner.RunnerClass" name="runScenario" time="55.007">
    <error message="Expected condition failed: waiting for visibility of [[ChromeDriver: chrome on windows (00beb8a31b61b4ec3063c4dd51ee8f64)] -&gt; xpath: //h4[text()=&quot;Prescription&quot;]] (tried for 20 second(s) with 500 milliseconds interval)
Build info: version: &#039;4.31.0&#039;, revision: &#039;1ef9f18787*&#039;
System info: os.name: &#039;Windows 11&#039;, os.arch: &#039;amd64&#039;, os.version: &#039;10.0&#039;, java.version: &#039;21.0.6&#039;
Driver info: org.openqa.selenium.chrome.ChromeDriver
Capabilities {acceptInsecureCerts: false, browserName: chrome, browserVersion: 135.0.7049.115, chrome: {chromedriverVersion: 135.0.7049.114 (63fd8a7d9d0..., userDataDir: C:\Users\gayat\AppData\Loca...}, fedcm:accounts: true, goog:chromeOptions: {debuggerAddress: localhost:52285}, networkConnectionEnabled: false, pageLoadStrategy: normal, platformName: windows, proxy: Proxy(), se:cdp: ws://localhost:52285/devtoo..., se:cdpVersion: 135.0.7049.115, setWindowRect: true, strictFileInteractability: false, timeouts: {implicit: 0, pageLoad: 300000, script: 30000}, unhandledPromptBehavior: dismiss and notify, webauthn:extension:credBlob: true, webauthn:extension:largeBlob: true, webauthn:extension:minPinLength: true, webauthn:extension:prf: true, webauthn:virtualAuthenticators: true}
Session ID: 00beb8a31b61b4ec3063c4dd51ee8f64" type="org.openqa.selenium.TimeoutException">
      <![CDATA[org.openqa.selenium.TimeoutException: Expected condition failed: waiting for visibility of [[ChromeDriver: chrome on windows (00beb8a31b61b4ec3063c4dd51ee8f64)] -> xpath: //h4[text()="Prescription"]] (tried for 20 second(s) with 500 milliseconds interval)
Build info: version: '4.31.0', revision: '1ef9f18787*'
System info: os.name: 'Windows 11', os.arch: 'amd64', os.version: '10.0', java.version: '21.0.6'
Driver info: org.openqa.selenium.chrome.ChromeDriver
Capabilities {acceptInsecureCerts: false, browserName: chrome, browserVersion: 135.0.7049.115, chrome: {chromedriverVersion: 135.0.7049.114 (63fd8a7d9d0..., userDataDir: C:\Users\gayat\AppData\Loca...}, fedcm:accounts: true, goog:chromeOptions: {debuggerAddress: localhost:52285}, networkConnectionEnabled: false, pageLoadStrategy: normal, platformName: windows, proxy: Proxy(), se:cdp: ws://localhost:52285/devtoo..., se:cdpVersion: 135.0.7049.115, setWindowRect: true, strictFileInteractability: false, timeouts: {implicit: 0, pageLoad: 300000, script: 30000}, unhandledPromptBehavior: dismiss and notify, webauthn:extension:credBlob: true, webauthn:extension:largeBlob: true, webauthn:extension:minPinLength: true, webauthn:extension:prf: true, webauthn:virtualAuthenticators: true}
Session ID: 00beb8a31b61b4ec3063c4dd51ee8f64
at org.openqa.selenium.support.ui.WebDriverWait.timeoutException(WebDriverWait.java:84)
at org.openqa.selenium.support.ui.FluentWait.until(FluentWait.java:228)
at com.actions.PrescriptionActions.assertPrescription(PrescriptionActions.java:111)
at com.definitions.PrescriptionDefinition.the_previously_added_prescription_should_be_visible(PrescriptionDefinition.java:74)
at ✽.the previously added prescription should be visible(file:///C:/Users/gayat/git/Smart_Hospital_Cucumber/SmartHospitals_Cucumber/src/test/resources/Features/PrescriptionFeature.feature:34)
]]>
    </error>
  </testcase> <!-- runScenario -->
  <testcase classname="com.runner.RunnerClass" name="runScenario" time="68.824"/>
  <testcase classname="com.runner.RunnerClass" name="runScenario" time="67.630"/>
  <testcase classname="com.runner.RunnerClass" name="runScenario" time="20.207">
    <error message="The step &#039;the doctor Clicks the Show option in OPD section&#039; is undefined.
You can implement this step using the snippet(s) below:

@When(&quot;the doctor Clicks the Show option in OPD section&quot;)
public void the_doctor_clicks_the_show_option_in_opd_section() {
    // Write code here that turns the phrase above into concrete actions
    throw new io.cucumber.java.PendingException();
}
" type="io.cucumber.testng.UndefinedStepException">
      <![CDATA[io.cucumber.testng.UndefinedStepException: The step 'the doctor Clicks the Show option in OPD section' is undefined.
You can implement this step using the snippet(s) below:

@When("the doctor Clicks the Show option in OPD section")
public void the_doctor_clicks_the_show_option_in_opd_section() {
    // Write code here that turns the phrase above into concrete actions
    throw new io.cucumber.java.PendingException();
}

at io.cucumber.core.runtime.TestCaseResultObserver.assertTestCasePassed(TestCaseResultObserver.java:69)
at io.cucumber.testng.TestCaseResultObserver.assertTestCasePassed(TestCaseResultObserver.java:23)
at io.cucumber.testng.TestNGCucumberRunner.lambda$runScenario$1(TestNGCucumberRunner.java:136)
at io.cucumber.core.runtime.CucumberExecutionContext.lambda$runTestCase$5(CucumberExecutionContext.java:136)
at io.cucumber.core.runtime.RethrowingThrowableCollector.executeAndThrow(RethrowingThrowableCollector.java:23)
at io.cucumber.core.runtime.CucumberExecutionContext.runTestCase(CucumberExecutionContext.java:136)
at io.cucumber.testng.TestNGCucumberRunner.runScenario(TestNGCucumberRunner.java:132)
at io.cucumber.testng.AbstractTestNGCucumberTests.runScenario(AbstractTestNGCucumberTests.java:35)
at java.base/jdk.internal.reflect.DirectMethodHandleAccessor.invoke(DirectMethodHandleAccessor.java:103)
at java.base/java.lang.reflect.Method.invoke(Method.java:580)
at org.testng.internal.invokers.MethodInvocationHelper.invokeMethod(MethodInvocationHelper.java:141)
at org.testng.internal.invokers.TestInvoker.invokeMethod(TestInvoker.java:687)
at org.testng.internal.invokers.TestInvoker.invokeTestMethod(TestInvoker.java:230)
at org.testng.internal.invokers.TestMethodWithDataProviderMethodWorker.call(TestMethodWithDataProviderMethodWorker.java:81)
at org.testng.internal.thread.Async$AsyncTask.run(Async.java:34)
at java.base/java.util.concurrent.ThreadPoolExecutor.runWorker(ThreadPoolExecutor.java:1144)
at java.base/java.util.concurrent.ThreadPoolExecutor$Worker.run(ThreadPoolExecutor.java:642)
at java.base/java.lang.Thread.run(Thread.java:1583)
]]>
    </error>
  </testcase> <!-- runScenario -->
</testsuite> <!-- com.runner.RunnerClass -->
