<?xml version="1.0" encoding="UTF-8"?>
<!-- Generated by org.testng.reporters.JUnitReportReporter -->
<testsuite hostname="GOWRISANKAR" failures="0" tests="3" name="com.runner.RunnerClass" time="43.244" errors="0" timestamp="2025-04-21T14:29:48 IST" skipped="0">
  <testcase classname="com.runner.RunnerClass" name="runScenario" time="13.628"/>
  <testcase classname="com.runner.RunnerClass" name="runScenario" time="15.913"/>
  <testcase classname="com.runner.RunnerClass" name="runScenario" time="13.703"/>
</testsuite> <!-- com.runner.RunnerClass -->
