<?xml version="1.0" encoding="UTF-8"?>
<!-- Generated by org.testng.reporters.JUnitReportReporter -->
<testsuite hostname="Gayathri" failures="0" tests="6" name="com.runner.RunnerClass" time="144.676" errors="1" timestamp="2025-04-24T12:40:51 IST" skipped="0">
  <testcase classname="com.runner.RunnerClass" name="runScenario" time="28.538"/>
  <testcase classname="com.runner.RunnerClass" name="runScenario" time="21.324"/>
  <testcase classname="com.runner.RunnerClass" name="runScenario" time="22.893">
    <error message="element click intercepted: Element &lt;input type=&quot;text&quot; id=&quot;datetimepicker&quot; name=&quot;date&quot; class=&quot;form-control datetime&quot;&gt; is not clickable at point (1444, 154). Other element would receive the click: &lt;input type=&quot;text&quot; name=&quot;guardian_name&quot; placeholder=&quot;&quot; value=&quot;&quot; class=&quot;form-control&quot;&gt;
  (Session info: chrome=135.0.7049.96)
Build info: version: &#039;4.31.0&#039;, revision: &#039;1ef9f18787*&#039;
System info: os.name: &#039;Windows 11&#039;, os.arch: &#039;amd64&#039;, os.version: &#039;10.0&#039;, java.version: &#039;21.0.6&#039;
Driver info: org.openqa.selenium.chrome.ChromeDriver
Command: [73dd0694467f9b82835fe60a96e4fd3a, clickElement {id=f.98869E5945512A7F1AAEF56977E85C83.d.A7007107AB75643330D9D12753BF7395.e.197}]
Capabilities {acceptInsecureCerts: false, browserName: chrome, browserVersion: 135.0.7049.96, chrome: {chromedriverVersion: 135.0.7049.114 (63fd8a7d9d0..., userDataDir: C:\Users\gayat\AppData\Loca...}, fedcm:accounts: true, goog:chromeOptions: {debuggerAddress: localhost:60570}, networkConnectionEnabled: false, pageLoadStrategy: normal, platformName: windows, proxy: Proxy(), se:cdp: ws://localhost:60570/devtoo..., se:cdpVersion: 135.0.7049.96, setWindowRect: true, strictFileInteractability: false, timeouts: {implicit: 0, pageLoad: 300000, script: 30000}, unhandledPromptBehavior: dismiss and notify, webauthn:extension:credBlob: true, webauthn:extension:largeBlob: true, webauthn:extension:minPinLength: true, webauthn:extension:prf: true, webauthn:virtualAuthenticators: true}
Element: [[ChromeDriver: chrome on windows (73dd0694467f9b82835fe60a96e4fd3a)] -&gt; xpath: //input[@id=&quot;datetimepicker&quot;]]
Session ID: 73dd0694467f9b82835fe60a96e4fd3a" type="org.openqa.selenium.ElementClickInterceptedException">
      <![CDATA[org.openqa.selenium.ElementClickInterceptedException: element click intercepted: Element <input type="text" id="datetimepicker" name="date" class="form-control datetime"> is not clickable at point (1444, 154). Other element would receive the click: <input type="text" name="guardian_name" placeholder="" value="" class="form-control">
  (Session info: chrome=135.0.7049.96)
Build info: version: '4.31.0', revision: '1ef9f18787*'
System info: os.name: 'Windows 11', os.arch: 'amd64', os.version: '10.0', java.version: '21.0.6'
Driver info: org.openqa.selenium.chrome.ChromeDriver
Command: [73dd0694467f9b82835fe60a96e4fd3a, clickElement {id=f.98869E5945512A7F1AAEF56977E85C83.d.A7007107AB75643330D9D12753BF7395.e.197}]
Capabilities {acceptInsecureCerts: false, browserName: chrome, browserVersion: 135.0.7049.96, chrome: {chromedriverVersion: 135.0.7049.114 (63fd8a7d9d0..., userDataDir: C:\Users\gayat\AppData\Loca...}, fedcm:accounts: true, goog:chromeOptions: {debuggerAddress: localhost:60570}, networkConnectionEnabled: false, pageLoadStrategy: normal, platformName: windows, proxy: Proxy(), se:cdp: ws://localhost:60570/devtoo..., se:cdpVersion: 135.0.7049.96, setWindowRect: true, strictFileInteractability: false, timeouts: {implicit: 0, pageLoad: 300000, script: 30000}, unhandledPromptBehavior: dismiss and notify, webauthn:extension:credBlob: true, webauthn:extension:largeBlob: true, webauthn:extension:minPinLength: true, webauthn:extension:prf: true, webauthn:virtualAuthenticators: true}
Element: [[ChromeDriver: chrome on windows (73dd0694467f9b82835fe60a96e4fd3a)] -> xpath: //input[@id="datetimepicker"]]
Session ID: 73dd0694467f9b82835fe60a96e4fd3a
at java.base/jdk.internal.reflect.DirectConstructorHandleAccessor.newInstance(DirectConstructorHandleAccessor.java:62)
at java.base/java.lang.reflect.Constructor.newInstanceWithCaller(Constructor.java:502)
at java.base/java.lang.reflect.Constructor.newInstance(Constructor.java:486)
at org.openqa.selenium.remote.ErrorCodec.decode(ErrorCodec.java:167)
at org.openqa.selenium.remote.codec.w3c.W3CHttpResponseCodec.decode(W3CHttpResponseCodec.java:138)
at org.openqa.selenium.remote.codec.w3c.W3CHttpResponseCodec.decode(W3CHttpResponseCodec.java:50)
at org.openqa.selenium.remote.HttpCommandExecutor.execute(HttpCommandExecutor.java:215)
at org.openqa.selenium.remote.service.DriverCommandExecutor.invokeExecute(DriverCommandExecutor.java:216)
at org.openqa.selenium.remote.service.DriverCommandExecutor.execute(DriverCommandExecutor.java:174)
at org.openqa.selenium.remote.RemoteWebDriver.execute(RemoteWebDriver.java:545)
at org.openqa.selenium.remote.RemoteWebElement.execute(RemoteWebElement.java:223)
at org.openqa.selenium.remote.RemoteWebElement.click(RemoteWebElement.java:76)
at java.base/jdk.internal.reflect.DirectMethodHandleAccessor.invoke(DirectMethodHandleAccessor.java:103)
at java.base/java.lang.reflect.Method.invoke(Method.java:580)
at org.openqa.selenium.support.pagefactory.internal.LocatingElementHandler.invoke(LocatingElementHandler.java:51)
at jdk.proxy2/jdk.proxy2.$Proxy26.click(Unknown Source)
at com.actions.DoctorActions.addAppointmentDetails1(DoctorActions.java:119)
at com.definitions.DoctorDefinition.doctor_fills_expired_time_for_appointment(DoctorDefinition.java:62)
at âœ½.Doctor fills Expired time for appointment(file:///C:/Users/gayat/git/Smart_Hospital_Cucumber/SmartHospitals_Cucumber/src/test/resources/Features/DoctorFeature.feature:21)
]]>
    </error>
  </testcase> <!-- runScenario -->
  <testcase classname="com.runner.RunnerClass" name="runScenario" time="26.148"/>
  <testcase classname="com.runner.RunnerClass" name="runScenario" time="20.749"/>
  <testcase classname="com.runner.RunnerClass" name="runScenario" time="25.024"/>
</testsuite> <!-- com.runner.RunnerClass -->
