<?xml version="1.0" encoding="UTF-8"?>
<!-- Generated by org.testng.reporters.JUnitReportReporter -->
<testsuite hostname="GOWRISANKAR" failures="0" tests="2" name="com.runner.RunnerClass" time="20.358" errors="0" timestamp="2025-05-04T12:33:40 IST" skipped="0">
  <testcase classname="com.runner.RunnerClass" name="runScenario" time="9.905"/>
  <testcase classname="com.runner.RunnerClass" name="runScenario" time="10.453"/>
</testsuite> <!-- com.runner.RunnerClass -->
