<?xml version="1.0" encoding="UTF-8"?>
<!-- Generated by org.testng.reporters.JUnitReportReporter -->
<testsuite hostname="Gayathri" failures="0" tests="11" name="com.runner.RunnerClass" time="524.675" errors="0" timestamp="2025-04-13T15:44:16 IST" skipped="0">
  <testcase classname="com.runner.RunnerClass" name="runScenario" time="52.961"/>
  <testcase classname="com.runner.RunnerClass" name="runScenario" time="52.684"/>
  <testcase classname="com.runner.RunnerClass" name="runScenario" time="48.942"/>
  <testcase classname="com.runner.RunnerClass" name="runScenario" time="51.392"/>
  <testcase classname="com.runner.RunnerClass" name="runScenario" time="34.430"/>
  <testcase classname="com.runner.RunnerClass" name="runScenario" time="48.939"/>
  <testcase classname="com.runner.RunnerClass" name="runScenario" time="52.548"/>
  <testcase classname="com.runner.RunnerClass" name="runScenario" time="51.388"/>
  <testcase classname="com.runner.RunnerClass" name="runScenario" time="31.155"/>
  <testcase classname="com.runner.RunnerClass" name="runScenario" time="48.940"/>
  <testcase classname="com.runner.RunnerClass" name="runScenario" time="51.296"/>
</testsuite> <!-- com.runner.RunnerClass -->
