<?xml version="1.0" encoding="UTF-8"?>
<!-- Generated by org.testng.reporters.JUnitReportReporter -->
<testsuite hostname="GOWRISANKAR" failures="0" tests="2" name="com.runner.RunnerClass" time="32.474" errors="1" timestamp="2025-04-15T15:42:25 IST" skipped="0">
  <testcase classname="com.runner.RunnerClass" name="runScenario" time="15.509">
    <error message="Cannot invoke &quot;com.pages.AccountantPage.isErrorNotificationDisplayed()&quot; because &quot;this.accountantPage&quot; is null" type="java.lang.NullPointerException">
      <![CDATA[java.lang.NullPointerException: Cannot invoke "com.pages.AccountantPage.isErrorNotificationDisplayed()" because "this.accountantPage" is null
at com.definitions.AccountantDefinition.verifyErrorNotification(AccountantDefinition.java:66)
at âœ½.need to see the asseart the error notifications(file:///D:/eclipse/Smart_Hospital_Cucumber1/SmartHospitals_Cucumber/src/test/resources/Features/AccountantFeature.feature:23)
]]>
    </error>
  </testcase> <!-- runScenario -->
  <testcase classname="com.runner.RunnerClass" name="runScenario" time="16.965"/>
</testsuite> <!-- com.runner.RunnerClass -->
