<?xml version="1.0" encoding="UTF-8"?>
<!-- Generated by org.testng.reporters.JUnitReportReporter -->
<testsuite hostname="LAPTOP-RG2DJRNT" failures="0" tests="22" name="com.runner.RunnerClass" time="220.905" errors="0" timestamp="2025-04-11T15:19:39 IST" skipped="0">
  <testcase classname="com.runner.RunnerClass" name="runScenario" time="4.454"/>
  <testcase classname="com.runner.RunnerClass" name="runScenario" time="4.799"/>
  <testcase classname="com.runner.RunnerClass" name="runScenario" time="16.424"/>
  <testcase classname="com.runner.RunnerClass" name="runScenario" time="7.733"/>
  <testcase classname="com.runner.RunnerClass" name="runScenario" time="16.719"/>
  <testcase classname="com.runner.RunnerClass" name="runScenario" time="4.403"/>
  <testcase classname="com.runner.RunnerClass" name="runScenario" time="8.146"/>
  <testcase classname="com.runner.RunnerClass" name="runScenario" time="4.370"/>
  <testcase classname="com.runner.RunnerClass" name="runScenario" time="4.619"/>
  <testcase classname="com.runner.RunnerClass" name="runScenario" time="16.402"/>
  <testcase classname="com.runner.RunnerClass" name="runScenario" time="6.968"/>
  <testcase classname="com.runner.RunnerClass" name="runScenario" time="7.634"/>
  <testcase classname="com.runner.RunnerClass" name="runScenario" time="16.909"/>
  <testcase classname="com.runner.RunnerClass" name="runScenario" time="7.989"/>
  <testcase classname="com.runner.RunnerClass" name="runScenario" time="7.160"/>
  <testcase classname="com.runner.RunnerClass" name="runScenario" time="8.357"/>
  <testcase classname="com.runner.RunnerClass" name="runScenario" time="7.815"/>
  <testcase classname="com.runner.RunnerClass" name="runScenario" time="21.926"/>
  <testcase classname="com.runner.RunnerClass" name="runScenario" time="7.892"/>
  <testcase classname="com.runner.RunnerClass" name="runScenario" time="28.279"/>
  <testcase classname="com.runner.RunnerClass" name="runScenario" time="4.570"/>
  <testcase classname="com.runner.RunnerClass" name="runScenario" time="7.337"/>
</testsuite> <!-- com.runner.RunnerClass -->
