<?xml version="1.0" encoding="UTF-8"?>
<!-- Generated by org.testng.reporters.JUnitReportReporter -->
<testsuite hostname="Gayathri" failures="0" tests="23" name="com.runner.RunnerClass" time="821.708" errors="0" timestamp="2025-04-13T00:56:54 IST" skipped="0">
  <testcase classname="com.runner.RunnerClass" name="runScenario" time="12.432"/>
  <testcase classname="com.runner.RunnerClass" name="runScenario" time="14.577"/>
  <testcase classname="com.runner.RunnerClass" name="runScenario" time="67.754"/>
  <testcase classname="com.runner.RunnerClass" name="runScenario" time="22.148"/>
  <testcase classname="com.runner.RunnerClass" name="runScenario" time="9.450"/>
  <testcase classname="com.runner.RunnerClass" name="runScenario" time="77.939"/>
  <testcase classname="com.runner.RunnerClass" name="runScenario" time="39.154"/>
  <testcase classname="com.runner.RunnerClass" name="runScenario" time="29.719"/>
  <testcase classname="com.runner.RunnerClass" name="runScenario" time="46.957"/>
  <testcase classname="com.runner.RunnerClass" name="runScenario" time="67.307"/>
  <testcase classname="com.runner.RunnerClass" name="runScenario" time="12.798"/>
  <testcase classname="com.runner.RunnerClass" name="runScenario" time="30.005"/>
  <testcase classname="com.runner.RunnerClass" name="runScenario" time="8.414"/>
  <testcase classname="com.runner.RunnerClass" name="runScenario" time="37.747"/>
  <testcase classname="com.runner.RunnerClass" name="runScenario" time="67.897"/>
  <testcase classname="com.runner.RunnerClass" name="runScenario" time="32.054"/>
  <testcase classname="com.runner.RunnerClass" name="runScenario" time="20.954"/>
  <testcase classname="com.runner.RunnerClass" name="runScenario" time="16.012"/>
  <testcase classname="com.runner.RunnerClass" name="runScenario" time="30.668"/>
  <testcase classname="com.runner.RunnerClass" name="runScenario" time="67.990"/>
  <testcase classname="com.runner.RunnerClass" name="runScenario" time="19.193"/>
  <testcase classname="com.runner.RunnerClass" name="runScenario" time="12.369"/>
  <testcase classname="com.runner.RunnerClass" name="runScenario" time="78.170"/>
</testsuite> <!-- com.runner.RunnerClass -->
