<?xml version="1.0" encoding="UTF-8"?>
<!-- Generated by org.testng.reporters.JUnitReportReporter -->
<<<<<<< HEAD
<testsuite hostname="LAPTOP-RG2DJRNT" failures="0" tests="22" name="com.runner.RunnerClass" time="1262.696" errors="1" timestamp="2025-04-11T16:05:14 IST" skipped="0">
  <testcase classname="com.runner.RunnerClass" name="runScenario" time="10.889"/>
  <testcase classname="com.runner.RunnerClass" name="runScenario" time="103.911"/>
  <testcase classname="com.runner.RunnerClass" name="runScenario" time="39.354"/>
  <testcase classname="com.runner.RunnerClass" name="runScenario" time="43.405"/>
  <testcase classname="com.runner.RunnerClass" name="runScenario" time="14.884"/>
  <testcase classname="com.runner.RunnerClass" name="runScenario" time="125.440">
    <error message="stale element reference: stale element not found in the current frame
  (Session info: chrome=135.0.7049.43)
For documentation on this error, please visit: https://www.selenium.dev/documentation/webdriver/troubleshooting/errors#stale-element-reference-exception
Build info: version: &#039;4.30.0&#039;, revision: &#039;509c7f17cc*&#039;
System info: os.name: &#039;Windows 11&#039;, os.arch: &#039;amd64&#039;, os.version: &#039;10.0&#039;, java.version: &#039;21.0.6&#039;
Driver info: org.openqa.selenium.chrome.ChromeDriver
Command: [3da74e65f6e6fa037b5b552bdc087092, clickElement {id=f.A1C65F9F8D1FE03149A70053F4BCCF97.d.05D273C7B3827F25061B6393590CD572.e.314}]
Capabilities {acceptInsecureCerts: false, browserName: chrome, browserVersion: 135.0.7049.43, chrome: {chromedriverVersion: 135.0.7049.84 (6c019e560019..., userDataDir: C:\Users\DHANUS~1\AppData\L...}, fedcm:accounts: true, goog:chromeOptions: {debuggerAddress: localhost:52737}, networkConnectionEnabled: false, pageLoadStrategy: normal, platformName: windows, proxy: Proxy(), se:cdp: ws://localhost:52737/devtoo..., se:cdpVersion: 135.0.7049.43, setWindowRect: true, strictFileInteractability: false, timeouts: {implicit: 0, pageLoad: 300000, script: 30000}, unhandledPromptBehavior: dismiss and notify, webauthn:extension:credBlob: true, webauthn:extension:largeBlob: true, webauthn:extension:minPinLength: true, webauthn:extension:prf: true, webauthn:virtualAuthenticators: true}
Element: [[[[ChromeDriver: chrome on windows (3da74e65f6e6fa037b5b552bdc087092)] -&gt; id: slot]] -&gt; xpath: .//option[normalize-space(.) = &quot;04:00 PM - 07:00 PM&quot;]]
Session ID: 3da74e65f6e6fa037b5b552bdc087092" type="org.openqa.selenium.StaleElementReferenceException">
      <![CDATA[org.openqa.selenium.StaleElementReferenceException: stale element reference: stale element not found in the current frame
  (Session info: chrome=135.0.7049.43)
For documentation on this error, please visit: https://www.selenium.dev/documentation/webdriver/troubleshooting/errors#stale-element-reference-exception
Build info: version: '4.30.0', revision: '509c7f17cc*'
System info: os.name: 'Windows 11', os.arch: 'amd64', os.version: '10.0', java.version: '21.0.6'
Driver info: org.openqa.selenium.chrome.ChromeDriver
Command: [3da74e65f6e6fa037b5b552bdc087092, clickElement {id=f.A1C65F9F8D1FE03149A70053F4BCCF97.d.05D273C7B3827F25061B6393590CD572.e.314}]
Capabilities {acceptInsecureCerts: false, browserName: chrome, browserVersion: 135.0.7049.43, chrome: {chromedriverVersion: 135.0.7049.84 (6c019e560019..., userDataDir: C:\Users\DHANUS~1\AppData\L...}, fedcm:accounts: true, goog:chromeOptions: {debuggerAddress: localhost:52737}, networkConnectionEnabled: false, pageLoadStrategy: normal, platformName: windows, proxy: Proxy(), se:cdp: ws://localhost:52737/devtoo..., se:cdpVersion: 135.0.7049.43, setWindowRect: true, strictFileInteractability: false, timeouts: {implicit: 0, pageLoad: 300000, script: 30000}, unhandledPromptBehavior: dismiss and notify, webauthn:extension:credBlob: true, webauthn:extension:largeBlob: true, webauthn:extension:minPinLength: true, webauthn:extension:prf: true, webauthn:virtualAuthenticators: true}
Element: [[[[ChromeDriver: chrome on windows (3da74e65f6e6fa037b5b552bdc087092)] -> id: slot]] -> xpath: .//option[normalize-space(.) = "04:00 PM - 07:00 PM"]]
Session ID: 3da74e65f6e6fa037b5b552bdc087092
at java.base/jdk.internal.reflect.DirectConstructorHandleAccessor.newInstance(DirectConstructorHandleAccessor.java:62)
at java.base/java.lang.reflect.Constructor.newInstanceWithCaller(Constructor.java:502)
at java.base/java.lang.reflect.Constructor.newInstance(Constructor.java:486)
at org.openqa.selenium.remote.ErrorCodec.decode(ErrorCodec.java:167)
at org.openqa.selenium.remote.codec.w3c.W3CHttpResponseCodec.decode(W3CHttpResponseCodec.java:138)
at org.openqa.selenium.remote.codec.w3c.W3CHttpResponseCodec.decode(W3CHttpResponseCodec.java:50)
at org.openqa.selenium.remote.HttpCommandExecutor.execute(HttpCommandExecutor.java:215)
at org.openqa.selenium.remote.service.DriverCommandExecutor.invokeExecute(DriverCommandExecutor.java:216)
at org.openqa.selenium.remote.service.DriverCommandExecutor.execute(DriverCommandExecutor.java:174)
at org.openqa.selenium.remote.RemoteWebDriver.execute(RemoteWebDriver.java:545)
at org.openqa.selenium.remote.RemoteWebElement.execute(RemoteWebElement.java:223)
at org.openqa.selenium.remote.RemoteWebElement.click(RemoteWebElement.java:76)
at org.openqa.selenium.support.ui.Select.setSelected(Select.java:419)
at org.openqa.selenium.support.ui.Select.selectByVisibleText(Select.java:133)
at com.actions.DoctorActions.addAppointmentDetails(DoctorActions.java:133)
at com.definitions.DoctorDefinition.doctor_fills_in_appointment_details(DoctorDefinition.java:46)
at âœ½.Doctor fills in appointment details(file:///C:/Users/Dhanusheswaran%20M/git/Smart_Hospital_Cucumber_Project/SmartHospitals_Cucumber/src/test/resources/Features/DoctorFeature.feature:11)
]]>
    </error>
  </testcase> <!-- runScenario -->
  <testcase classname="com.runner.RunnerClass" name="runScenario" time="109.815"/>
  <testcase classname="com.runner.RunnerClass" name="runScenario" time="55.726"/>
  <testcase classname="com.runner.RunnerClass" name="runScenario" time="121.187"/>
  <testcase classname="com.runner.RunnerClass" name="runScenario" time="54.181"/>
  <testcase classname="com.runner.RunnerClass" name="runScenario" time="18.424"/>
  <testcase classname="com.runner.RunnerClass" name="runScenario" time="8.040"/>
  <testcase classname="com.runner.RunnerClass" name="runScenario" time="53.777"/>
  <testcase classname="com.runner.RunnerClass" name="runScenario" time="53.855"/>
  <testcase classname="com.runner.RunnerClass" name="runScenario" time="22.872"/>
  <testcase classname="com.runner.RunnerClass" name="runScenario" time="24.621"/>
  <testcase classname="com.runner.RunnerClass" name="runScenario" time="125.156"/>
  <testcase classname="com.runner.RunnerClass" name="runScenario" time="71.300"/>
  <testcase classname="com.runner.RunnerClass" name="runScenario" time="66.756"/>
  <testcase classname="com.runner.RunnerClass" name="runScenario" time="22.104"/>
  <testcase classname="com.runner.RunnerClass" name="runScenario" time="7.879"/>
  <testcase classname="com.runner.RunnerClass" name="runScenario" time="109.120"/>
=======
<testsuite hostname="Gayathri" failures="0" tests="22" name="com.runner.RunnerClass" time="519.013" errors="0" timestamp="2025-04-12T21:24:13 IST" skipped="0">
  <testcase classname="com.runner.RunnerClass" name="runScenario" time="11.104"/>
  <testcase classname="com.runner.RunnerClass" name="runScenario" time="20.398"/>
  <testcase classname="com.runner.RunnerClass" name="runScenario" time="20.293"/>
  <testcase classname="com.runner.RunnerClass" name="runScenario" time="22.649"/>
  <testcase classname="com.runner.RunnerClass" name="runScenario" time="15.467"/>
  <testcase classname="com.runner.RunnerClass" name="runScenario" time="11.764"/>
  <testcase classname="com.runner.RunnerClass" name="runScenario" time="51.201"/>
  <testcase classname="com.runner.RunnerClass" name="runScenario" time="41.998"/>
  <testcase classname="com.runner.RunnerClass" name="runScenario" time="9.816"/>
  <testcase classname="com.runner.RunnerClass" name="runScenario" time="10.077"/>
  <testcase classname="com.runner.RunnerClass" name="runScenario" time="14.316"/>
  <testcase classname="com.runner.RunnerClass" name="runScenario" time="33.840"/>
  <testcase classname="com.runner.RunnerClass" name="runScenario" time="41.801"/>
  <testcase classname="com.runner.RunnerClass" name="runScenario" time="13.900"/>
  <testcase classname="com.runner.RunnerClass" name="runScenario" time="41.199"/>
  <testcase classname="com.runner.RunnerClass" name="runScenario" time="20.293"/>
  <testcase classname="com.runner.RunnerClass" name="runScenario" time="15.633"/>
  <testcase classname="com.runner.RunnerClass" name="runScenario" time="33.488"/>
  <testcase classname="com.runner.RunnerClass" name="runScenario" time="20.293"/>
  <testcase classname="com.runner.RunnerClass" name="runScenario" time="9.521"/>
  <testcase classname="com.runner.RunnerClass" name="runScenario" time="15.957"/>
  <testcase classname="com.runner.RunnerClass" name="runScenario" time="44.005"/>
>>>>>>> branch 'main' of https://github.com/Gayathri0017/Smart_Hospital_Cucumber.git
</testsuite> <!-- com.runner.RunnerClass -->
