<?xml version="1.0" encoding="UTF-8"?>
<!-- Generated by org.testng.reporters.JUnitReportReporter -->
<testsuite hostname="Gayathri" failures="1" tests="28" name="com.runner.RunnerClass" time="1017.801" errors="1" timestamp="2025-04-13T16:18:40 IST" skipped="0">
  <testcase classname="com.runner.RunnerClass" name="runScenario" time="25.130"/>
  <testcase classname="com.runner.RunnerClass" name="runScenario" time="31.598"/>
  <testcase classname="com.runner.RunnerClass" name="runScenario" time="24.373"/>
  <testcase classname="com.runner.RunnerClass" name="runScenario" time="32.462"/>
  <testcase classname="com.runner.RunnerClass" name="runScenario" time="22.001"/>
  <testcase classname="com.runner.RunnerClass" name="runScenario" time="26.201"/>
  <testcase classname="com.runner.RunnerClass" name="runScenario" time="76.264"/>
  <testcase classname="com.runner.RunnerClass" name="runScenario" time="33.856"/>
  <testcase classname="com.runner.RunnerClass" name="runScenario" time="76.866"/>
  <testcase classname="com.runner.RunnerClass" name="runScenario" time="33.624"/>
  <testcase classname="com.runner.RunnerClass" name="runScenario" time="33.576"/>
  <testcase classname="com.runner.RunnerClass" name="runScenario" time="17.171"/>
  <testcase classname="com.runner.RunnerClass" name="runScenario" time="20.429"/>
  <testcase classname="com.runner.RunnerClass" name="runScenario" time="64.087"/>
  <testcase classname="com.runner.RunnerClass" name="runScenario" time="32.257"/>
  <testcase classname="com.runner.RunnerClass" name="runScenario" time="25.469"/>
  <testcase classname="com.runner.RunnerClass" name="runScenario" time="21.157"/>
  <testcase classname="com.runner.RunnerClass" name="runScenario" time="19.968">
    <error message="Keys to send should be a not null CharSequence" type="java.lang.IllegalArgumentException">
      <![CDATA[java.lang.IllegalArgumentException: Keys to send should be a not null CharSequence
at org.openqa.selenium.remote.RemoteWebElement.sendKeys(RemoteWebElement.java:96)
at java.base/jdk.internal.reflect.DirectMethodHandleAccessor.invoke(DirectMethodHandleAccessor.java:103)
at java.base/java.lang.reflect.Method.invoke(Method.java:580)
at org.openqa.selenium.support.pagefactory.internal.LocatingElementHandler.invoke(LocatingElementHandler.java:51)
at jdk.proxy2/jdk.proxy2.$Proxy26.sendKeys(Unknown Source)
at com.actions.PatientActions.AppointmentDetails(PatientActions.java:92)
at com.definitions.PatientDefinition.the_user_can_fill_the_appointment_form(PatientDefinition.java:49)
at ✽.the User can fill the appointment form(file:///C:/Users/gayat/git/Smart_Hospital_Cucumber/SmartHospitals_Cucumber/src/test/resources/Features/PatientAppointment.feature:10)
]]>
    </error>
  </testcase> <!-- runScenario -->
  <testcase classname="com.runner.RunnerClass" name="runScenario" time="63.955"/>
  <testcase classname="com.runner.RunnerClass" name="runScenario" time="51.710"/>
  <testcase classname="com.runner.RunnerClass" name="runScenario" time="26.377"/>
  <testcase classname="com.runner.RunnerClass" name="runScenario" time="63.862"/>
  <testcase classname="com.runner.RunnerClass" name="runScenario" time="23.038"/>
  <testcase classname="com.runner.RunnerClass" name="runScenario" time="33.666">
    <failure message="expected [true] but found [false]" type="java.lang.AssertionError">
      <![CDATA[java.lang.AssertionError: expected [true] but found [false]
at org.testng.Assert.fail(Assert.java:111)
at org.testng.Assert.failNotEquals(Assert.java:1590)
at org.testng.Assert.assertTrue(Assert.java:57)
at org.testng.Assert.assertTrue(Assert.java:67)
at com.actions.PrescriptionActions.assertinvalid(PrescriptionActions.java:78)
at com.definitions.PrescriptionDefinition.the_system_should_show_an_error(PrescriptionDefinition.java:58)
at ✽.the system should show an error "Dose Interval field is required"(file:///C:/Users/gayat/git/Smart_Hospital_Cucumber/SmartHospitals_Cucumber/src/test/resources/Features/PrescriptionFeature.feature:12)
]]>
    </failure>
  </testcase> <!-- runScenario -->
  <testcase classname="com.runner.RunnerClass" name="runScenario" time="25.874"/>
  <testcase classname="com.runner.RunnerClass" name="runScenario" time="77.570"/>
  <testcase classname="com.runner.RunnerClass" name="runScenario" time="14.034"/>
  <testcase classname="com.runner.RunnerClass" name="runScenario" time="21.226"/>
</testsuite> <!-- com.runner.RunnerClass -->
