<?xml version="1.0" encoding="UTF-8"?>
<!-- Generated by org.testng.reporters.JUnitReportReporter -->
<testsuite hostname="Gayathri" failures="0" tests="56" name="com.runner.RunnerClass" time="2061.863" errors="5" timestamp="2025-05-01T22:47:33 IST" skipped="0">
  <testcase classname="com.runner.RunnerClass" name="runScenario" time="28.637"/>
  <testcase classname="com.runner.RunnerClass" name="runScenario" time="54.775">
    <error message="Expected condition failed: waiting for visibility of [[ChromeDriver: chrome on windows (12b035231df2a0cb4f16d99325bb2ee9)] -&gt; xpath: //h4[text()=&quot;Prescription&quot;]] (tried for 20 second(s) with 500 milliseconds interval)
Build info: version: &#039;4.31.0&#039;, revision: &#039;1ef9f18787*&#039;
System info: os.name: &#039;Windows 11&#039;, os.arch: &#039;amd64&#039;, os.version: &#039;10.0&#039;, java.version: &#039;21.0.6&#039;
Driver info: org.openqa.selenium.chrome.ChromeDriver
Capabilities {acceptInsecureCerts: false, browserName: chrome, browserVersion: 135.0.7049.115, chrome: {chromedriverVersion: 135.0.7049.114 (63fd8a7d9d0..., userDataDir: C:\Users\gayat\AppData\Loca...}, fedcm:accounts: true, goog:chromeOptions: {debuggerAddress: localhost:59474}, networkConnectionEnabled: false, pageLoadStrategy: normal, platformName: windows, proxy: Proxy(), se:cdp: ws://localhost:59474/devtoo..., se:cdpVersion: 135.0.7049.115, setWindowRect: true, strictFileInteractability: false, timeouts: {implicit: 0, pageLoad: 300000, script: 30000}, unhandledPromptBehavior: dismiss and notify, webauthn:extension:credBlob: true, webauthn:extension:largeBlob: true, webauthn:extension:minPinLength: true, webauthn:extension:prf: true, webauthn:virtualAuthenticators: true}
Session ID: 12b035231df2a0cb4f16d99325bb2ee9" type="org.openqa.selenium.TimeoutException">
      <![CDATA[org.openqa.selenium.TimeoutException: Expected condition failed: waiting for visibility of [[ChromeDriver: chrome on windows (12b035231df2a0cb4f16d99325bb2ee9)] -> xpath: //h4[text()="Prescription"]] (tried for 20 second(s) with 500 milliseconds interval)
Build info: version: '4.31.0', revision: '1ef9f18787*'
System info: os.name: 'Windows 11', os.arch: 'amd64', os.version: '10.0', java.version: '21.0.6'
Driver info: org.openqa.selenium.chrome.ChromeDriver
Capabilities {acceptInsecureCerts: false, browserName: chrome, browserVersion: 135.0.7049.115, chrome: {chromedriverVersion: 135.0.7049.114 (63fd8a7d9d0..., userDataDir: C:\Users\gayat\AppData\Loca...}, fedcm:accounts: true, goog:chromeOptions: {debuggerAddress: localhost:59474}, networkConnectionEnabled: false, pageLoadStrategy: normal, platformName: windows, proxy: Proxy(), se:cdp: ws://localhost:59474/devtoo..., se:cdpVersion: 135.0.7049.115, setWindowRect: true, strictFileInteractability: false, timeouts: {implicit: 0, pageLoad: 300000, script: 30000}, unhandledPromptBehavior: dismiss and notify, webauthn:extension:credBlob: true, webauthn:extension:largeBlob: true, webauthn:extension:minPinLength: true, webauthn:extension:prf: true, webauthn:virtualAuthenticators: true}
Session ID: 12b035231df2a0cb4f16d99325bb2ee9
at org.openqa.selenium.support.ui.WebDriverWait.timeoutException(WebDriverWait.java:84)
at org.openqa.selenium.support.ui.FluentWait.until(FluentWait.java:228)
at com.actions.PrescriptionActions.assertPrescription(PrescriptionActions.java:111)
at com.definitions.PrescriptionDefinition.the_previously_added_prescription_should_be_visible(PrescriptionDefinition.java:74)
at ✽.the previously added prescription should be visible(file:///C:/Users/gayat/git/Smart_Hospital_Cucumber/SmartHospitals_Cucumber/src/test/resources/Features/PrescriptionFeature.feature:34)
]]>
    </error>
  </testcase> <!-- runScenario -->
  <testcase classname="com.runner.RunnerClass" name="runScenario" time="33.228"/>
  <testcase classname="com.runner.RunnerClass" name="runScenario" time="19.004"/>
  <testcase classname="com.runner.RunnerClass" name="runScenario" time="23.745"/>
  <testcase classname="com.runner.RunnerClass" name="runScenario" time="51.262"/>
  <testcase classname="com.runner.RunnerClass" name="runScenario" time="17.255"/>
  <testcase classname="com.runner.RunnerClass" name="runScenario" time="51.099"/>
  <testcase classname="com.runner.RunnerClass" name="runScenario" time="18.852"/>
  <testcase classname="com.runner.RunnerClass" name="runScenario" time="32.615"/>
  <testcase classname="com.runner.RunnerClass" name="runScenario" time="30.725">
    <error message="unexpected alert open: {Alert text : Appointment Time Is Expired}
  (Session info: chrome=135.0.7049.115): Appointment Time Is Expired
Build info: version: &#039;4.31.0&#039;, revision: &#039;1ef9f18787*&#039;
System info: os.name: &#039;Windows 11&#039;, os.arch: &#039;amd64&#039;, os.version: &#039;10.0&#039;, java.version: &#039;21.0.6&#039;
Driver info: org.openqa.selenium.chrome.ChromeDriver
Command: [9df1e6f3eedd5d24024f31c530f1cd2e, clickElement {id=f.C25100D3AD8680613DE57BB555D4CE9B.d.CDE65BBBB534CF291944E115EB138B04.e.101}]
Capabilities {acceptInsecureCerts: false, browserName: chrome, browserVersion: 135.0.7049.115, chrome: {chromedriverVersion: 135.0.7049.114 (63fd8a7d9d0..., userDataDir: C:\Users\gayat\AppData\Loca...}, fedcm:accounts: true, goog:chromeOptions: {debuggerAddress: localhost:58746}, networkConnectionEnabled: false, pageLoadStrategy: normal, platformName: windows, proxy: Proxy(), se:cdp: ws://localhost:58746/devtoo..., se:cdpVersion: 135.0.7049.115, setWindowRect: true, strictFileInteractability: false, timeouts: {implicit: 0, pageLoad: 300000, script: 30000}, unhandledPromptBehavior: dismiss and notify, webauthn:extension:credBlob: true, webauthn:extension:largeBlob: true, webauthn:extension:minPinLength: true, webauthn:extension:prf: true, webauthn:virtualAuthenticators: true}
Element: [[ChromeDriver: chrome on windows (9df1e6f3eedd5d24024f31c530f1cd2e)] -&gt; id: shift_id]
Session ID: 9df1e6f3eedd5d24024f31c530f1cd2e" type="org.openqa.selenium.UnhandledAlertException">
      <![CDATA[org.openqa.selenium.UnhandledAlertException: unexpected alert open: {Alert text : Appointment Time Is Expired}
  (Session info: chrome=135.0.7049.115): Appointment Time Is Expired
Build info: version: '4.31.0', revision: '1ef9f18787*'
System info: os.name: 'Windows 11', os.arch: 'amd64', os.version: '10.0', java.version: '21.0.6'
Driver info: org.openqa.selenium.chrome.ChromeDriver
Command: [9df1e6f3eedd5d24024f31c530f1cd2e, clickElement {id=f.C25100D3AD8680613DE57BB555D4CE9B.d.CDE65BBBB534CF291944E115EB138B04.e.101}]
Capabilities {acceptInsecureCerts: false, browserName: chrome, browserVersion: 135.0.7049.115, chrome: {chromedriverVersion: 135.0.7049.114 (63fd8a7d9d0..., userDataDir: C:\Users\gayat\AppData\Loca...}, fedcm:accounts: true, goog:chromeOptions: {debuggerAddress: localhost:58746}, networkConnectionEnabled: false, pageLoadStrategy: normal, platformName: windows, proxy: Proxy(), se:cdp: ws://localhost:58746/devtoo..., se:cdpVersion: 135.0.7049.115, setWindowRect: true, strictFileInteractability: false, timeouts: {implicit: 0, pageLoad: 300000, script: 30000}, unhandledPromptBehavior: dismiss and notify, webauthn:extension:credBlob: true, webauthn:extension:largeBlob: true, webauthn:extension:minPinLength: true, webauthn:extension:prf: true, webauthn:virtualAuthenticators: true}
Element: [[ChromeDriver: chrome on windows (9df1e6f3eedd5d24024f31c530f1cd2e)] -> id: shift_id]
Session ID: 9df1e6f3eedd5d24024f31c530f1cd2e
at org.openqa.selenium.remote.codec.w3c.W3CHttpResponseCodec.decode(W3CHttpResponseCodec.java:136)
at org.openqa.selenium.remote.codec.w3c.W3CHttpResponseCodec.decode(W3CHttpResponseCodec.java:50)
at org.openqa.selenium.remote.HttpCommandExecutor.execute(HttpCommandExecutor.java:215)
at org.openqa.selenium.remote.service.DriverCommandExecutor.invokeExecute(DriverCommandExecutor.java:216)
at org.openqa.selenium.remote.service.DriverCommandExecutor.execute(DriverCommandExecutor.java:174)
at org.openqa.selenium.remote.RemoteWebDriver.execute(RemoteWebDriver.java:545)
at org.openqa.selenium.remote.RemoteWebElement.execute(RemoteWebElement.java:223)
at org.openqa.selenium.remote.RemoteWebElement.click(RemoteWebElement.java:76)
at java.base/jdk.internal.reflect.DirectMethodHandleAccessor.invoke(DirectMethodHandleAccessor.java:103)
at java.base/java.lang.reflect.Method.invoke(Method.java:580)
at org.openqa.selenium.support.pagefactory.internal.LocatingElementHandler.invoke(LocatingElementHandler.java:51)
at jdk.proxy2/jdk.proxy2.$Proxy26.click(Unknown Source)
at com.actions.PatientActions.setTime(PatientActions.java:192)
at com.definitions.PatientDefinition.the_user_can_fill_the_appointment(PatientDefinition.java:123)
at ✽.the User can fill the appointment(file:///C:/Users/gayat/git/Smart_Hospital_Cucumber/SmartHospitals_Cucumber/src/test/resources/Features/PatientAppointment.feature:19)
]]>
    </error>
  </testcase> <!-- runScenario -->
  <testcase classname="com.runner.RunnerClass" name="runScenario" time="22.583"/>
  <testcase classname="com.runner.RunnerClass" name="runScenario" time="39.603"/>
  <testcase classname="com.runner.RunnerClass" name="runScenario" time="65.648">
    <error message="Failed to capture and store table data: No valid entries or contents found, this is not a valid OOXML (Office Open XML) file" type="java.lang.RuntimeException">
      <![CDATA[java.lang.RuntimeException: Failed to capture and store table data: No valid entries or contents found, this is not a valid OOXML (Office Open XML) file
at com.actions.AccountantActions.captureAndStoreData(AccountantActions.java:140)
at com.definitions.AccountantDefinition.captureAndStoreData(AccountantDefinition.java:38)
at ✽.User should capture and print the data from dashboard table section this should be stored in the excel for reference(file:///C:/Users/gayat/git/Smart_Hospital_Cucumber/SmartHospitals_Cucumber/src/test/resources/Features/AccountantFeatureExpenses.feature:11)
Caused by: org.apache.poi.openxml4j.exceptions.NotOfficeXmlFileException: No valid entries or contents found, this is not a valid OOXML (Office Open XML) file
at org.apache.poi.openxml4j.util.ZipArchiveThresholdInputStream.getNextEntry(ZipArchiveThresholdInputStream.java:161)
at org.apache.poi.openxml4j.util.ZipInputStreamZipEntrySource.<init>(ZipInputStreamZipEntrySource.java:101)
at org.apache.poi.openxml4j.opc.ZipPackage.<init>(ZipPackage.java:211)
at org.apache.poi.openxml4j.opc.OPCPackage.open(OPCPackage.java:517)
at org.apache.poi.openxml4j.opc.OPCPackage.open(OPCPackage.java:490)
at org.apache.poi.ooxml.util.PackageHelper.open(PackageHelper.java:67)
at org.apache.poi.xssf.usermodel.XSSFWorkbook.<init>(XSSFWorkbook.java:315)
at org.apache.poi.xssf.usermodel.XSSFWorkbook.<init>(XSSFWorkbook.java:289)
at com.utils.ExcelWriter.writeTableData(ExcelWriter.java:20)
at com.actions.AccountantActions.captureAndStoreData(AccountantActions.java:136)
... 2 more
Caused by: java.util.zip.ZipException: Unexpected record signature: 0x78000808
at org.apache.commons.compress.archivers.zip.ZipArchiveInputStream.getNextZipEntry(ZipArchiveInputStream.java:681)
at org.apache.commons.compress.archivers.zip.ZipArchiveInputStream.getNextEntry(ZipArchiveInputStream.java:632)
at org.apache.poi.openxml4j.util.ZipArchiveThresholdInputStream.getNextEntry(ZipArchiveThresholdInputStream.java:150)
... 11 more
]]>
    </error>
  </testcase> <!-- runScenario -->
  <testcase classname="com.runner.RunnerClass" name="runScenario" time="55.871"/>
  <testcase classname="com.runner.RunnerClass" name="runScenario" time="50.771"/>
  <testcase classname="com.runner.RunnerClass" name="runScenario" time="23.688"/>
  <testcase classname="com.runner.RunnerClass" name="runScenario" time="26.368"/>
  <testcase classname="com.runner.RunnerClass" name="runScenario" time="46.792"/>
  <testcase classname="com.runner.RunnerClass" name="runScenario" time="25.817"/>
  <testcase classname="com.runner.RunnerClass" name="runScenario" time="31.170"/>
  <testcase classname="com.runner.RunnerClass" name="runScenario" time="33.610"/>
  <testcase classname="com.runner.RunnerClass" name="runScenario" time="60.600"/>
  <testcase classname="com.runner.RunnerClass" name="runScenario" time="56.087">
    <error message="Expected condition failed: waiting for element to be clickable: Proxy element for: DefaultElementLocator &#039;By.xpath: /html/body/div[1]/div/div/div/div[1]/div/div[2]/p[1]/a[1]&#039; (tried for 30 second(s) with 500 milliseconds interval)" type="org.openqa.selenium.TimeoutException">
      <![CDATA[org.openqa.selenium.TimeoutException: Expected condition failed: waiting for element to be clickable: Proxy element for: DefaultElementLocator 'By.xpath: /html/body/div[1]/div/div/div/div[1]/div/div[2]/p[1]/a[1]' (tried for 30 second(s) with 500 milliseconds interval)
at org.openqa.selenium.support.ui.WebDriverWait.timeoutException(WebDriverWait.java:84)
at org.openqa.selenium.support.ui.FluentWait.until(FluentWait.java:228)
at com.actions.PatientActions.ClickUserLoginBtn(PatientActions.java:42)
at com.definitions.PatientDefinition.the_user_clicks_the_user_login(PatientDefinition.java:36)
at ✽.the User clicks the User Login(file:///C:/Users/gayat/git/Smart_Hospital_Cucumber/SmartHospitals_Cucumber/src/test/resources/Features/PatientPayment.feature:5)
Caused by: org.openqa.selenium.NoSuchElementException: no such element: Unable to locate element: {"method":"xpath","selector":"/html/body/div[1]/div/div/div/div[1]/div/div[2]/p[1]/a[1]"}
  (Session info: chrome=135.0.7049.115)
For documentation on this error, please visit: https://www.selenium.dev/documentation/webdriver/troubleshooting/errors#no-such-element-exception
Build info: version: '4.31.0', revision: '1ef9f18787*'
System info: os.name: 'Windows 11', os.arch: 'amd64', os.version: '10.0', java.version: '21.0.6'
Driver info: org.openqa.selenium.chrome.ChromeDriver
Command: [39a6acd55ec5bf32317c0dbe0ce74de7, findElement {value=/html/body/div[1]/div/div/div/div[1]/div/div[2]/p[1]/a[1], using=xpath}]
Capabilities {acceptInsecureCerts: false, browserName: chrome, browserVersion: 135.0.7049.115, chrome: {chromedriverVersion: 135.0.7049.114 (63fd8a7d9d0..., userDataDir: C:\Users\gayat\AppData\Loca...}, fedcm:accounts: true, goog:chromeOptions: {debuggerAddress: localhost:58781}, networkConnectionEnabled: false, pageLoadStrategy: normal, platformName: windows, proxy: Proxy(), se:cdp: ws://localhost:58781/devtoo..., se:cdpVersion: 135.0.7049.115, setWindowRect: true, strictFileInteractability: false, timeouts: {implicit: 0, pageLoad: 300000, script: 30000}, unhandledPromptBehavior: dismiss and notify, webauthn:extension:credBlob: true, webauthn:extension:largeBlob: true, webauthn:extension:minPinLength: true, webauthn:extension:prf: true, webauthn:virtualAuthenticators: true}
Session ID: 39a6acd55ec5bf32317c0dbe0ce74de7
at java.base/jdk.internal.reflect.DirectConstructorHandleAccessor.newInstance(DirectConstructorHandleAccessor.java:62)
at java.base/java.lang.reflect.Constructor.newInstanceWithCaller(Constructor.java:502)
at java.base/java.lang.reflect.Constructor.newInstance(Constructor.java:486)
at org.openqa.selenium.remote.ErrorCodec.decode(ErrorCodec.java:167)
at org.openqa.selenium.remote.codec.w3c.W3CHttpResponseCodec.decode(W3CHttpResponseCodec.java:138)
at org.openqa.selenium.remote.codec.w3c.W3CHttpResponseCodec.decode(W3CHttpResponseCodec.java:50)
at org.openqa.selenium.remote.HttpCommandExecutor.execute(HttpCommandExecutor.java:215)
at org.openqa.selenium.remote.service.DriverCommandExecutor.invokeExecute(DriverCommandExecutor.java:216)
at org.openqa.selenium.remote.service.DriverCommandExecutor.execute(DriverCommandExecutor.java:174)
at org.openqa.selenium.remote.RemoteWebDriver.execute(RemoteWebDriver.java:545)
at org.openqa.selenium.remote.ElementLocation$ElementFinder$2.findElement(ElementLocation.java:165)
at org.openqa.selenium.remote.ElementLocation.findElement(ElementLocation.java:59)
at org.openqa.selenium.remote.RemoteWebDriver.findElement(RemoteWebDriver.java:368)
at org.openqa.selenium.remote.RemoteWebDriver.findElement(RemoteWebDriver.java:362)
at org.openqa.selenium.support.pagefactory.DefaultElementLocator.findElement(DefaultElementLocator.java:68)
at org.openqa.selenium.support.pagefactory.internal.LocatingElementHandler.invoke(LocatingElementHandler.java:38)
at jdk.proxy2/jdk.proxy2.$Proxy26.isDisplayed(Unknown Source)
at org.openqa.selenium.support.ui.ExpectedConditions.elementIfVisible(ExpectedConditions.java:304)
at org.openqa.selenium.support.ui.ExpectedConditions$10.apply(ExpectedConditions.java:290)
at org.openqa.selenium.support.ui.ExpectedConditions$10.apply(ExpectedConditions.java:287)
at org.openqa.selenium.support.ui.ExpectedConditions$23.apply(ExpectedConditions.java:656)
at org.openqa.selenium.support.ui.ExpectedConditions$23.apply(ExpectedConditions.java:652)
at org.openqa.selenium.support.ui.FluentWait.until(FluentWait.java:203)
... 3 more
]]>
    </error>
  </testcase> <!-- runScenario -->
  <testcase classname="com.runner.RunnerClass" name="runScenario" time="32.934"/>
  <testcase classname="com.runner.RunnerClass" name="runScenario" time="70.724"/>
  <testcase classname="com.runner.RunnerClass" name="runScenario" time="37.333"/>
  <testcase classname="com.runner.RunnerClass" name="runScenario" time="22.738"/>
  <testcase classname="com.runner.RunnerClass" name="runScenario" time="29.628"/>
  <testcase classname="com.runner.RunnerClass" name="runScenario" time="50.667"/>
  <testcase classname="com.runner.RunnerClass" name="runScenario" time="71.563"/>
  <testcase classname="com.runner.RunnerClass" name="runScenario" time="31.120"/>
  <testcase classname="com.runner.RunnerClass" name="runScenario" time="25.160"/>
  <testcase classname="com.runner.RunnerClass" name="runScenario" time="23.251"/>
  <testcase classname="com.runner.RunnerClass" name="runScenario" time="39.794"/>
  <testcase classname="com.runner.RunnerClass" name="runScenario" time="32.681"/>
  <testcase classname="com.runner.RunnerClass" name="runScenario" time="50.182"/>
  <testcase classname="com.runner.RunnerClass" name="runScenario" time="57.819"/>
  <testcase classname="com.runner.RunnerClass" name="runScenario" time="14.354"/>
  <testcase classname="com.runner.RunnerClass" name="runScenario" time="19.977"/>
  <testcase classname="com.runner.RunnerClass" name="runScenario" time="56.931"/>
  <testcase classname="com.runner.RunnerClass" name="runScenario" time="17.871"/>
  <testcase classname="com.runner.RunnerClass" name="runScenario" time="48.097"/>
  <testcase classname="com.runner.RunnerClass" name="runScenario" time="19.426"/>
  <testcase classname="com.runner.RunnerClass" name="runScenario" time="32.769"/>
  <testcase classname="com.runner.RunnerClass" name="runScenario" time="22.516"/>
  <testcase classname="com.runner.RunnerClass" name="runScenario" time="50.090"/>
  <testcase classname="com.runner.RunnerClass" name="runScenario" time="44.981"/>
  <testcase classname="com.runner.RunnerClass" name="runScenario" time="24.654"/>
  <testcase classname="com.runner.RunnerClass" name="runScenario" time="23.323"/>
  <testcase classname="com.runner.RunnerClass" name="runScenario" time="80.098"/>
  <testcase classname="com.runner.RunnerClass" name="runScenario" time="28.208"/>
  <testcase classname="com.runner.RunnerClass" name="runScenario" time="17.592"/>
  <testcase classname="com.runner.RunnerClass" name="runScenario" time="13.804"/>
  <testcase classname="com.runner.RunnerClass" name="runScenario" time="41.920"/>
  <testcase classname="com.runner.RunnerClass" name="runScenario" time="29.853">
    <error message="Unable to find element with locator By.id: shift_id
For documentation on this error, please visit: https://www.selenium.dev/documentation/webdriver/troubleshooting/errors#no-such-element-exception
Build info: version: &#039;4.31.0&#039;, revision: &#039;1ef9f18787*&#039;
System info: os.name: &#039;Windows 11&#039;, os.arch: &#039;amd64&#039;, os.version: &#039;10.0&#039;, java.version: &#039;21.0.6&#039;
Driver info: driver.version: RemoteWebDriver" type="org.openqa.selenium.NoSuchElementException">
      <![CDATA[org.openqa.selenium.NoSuchElementException: Unable to find element with locator By.id: shift_id
For documentation on this error, please visit: https://www.selenium.dev/documentation/webdriver/troubleshooting/errors#no-such-element-exception
Build info: version: '4.31.0', revision: '1ef9f18787*'
System info: os.name: 'Windows 11', os.arch: 'amd64', os.version: '10.0', java.version: '21.0.6'
Driver info: driver.version: RemoteWebDriver
at org.openqa.selenium.remote.ElementLocation$ElementFinder$2.findElement(ElementLocation.java:168)
at org.openqa.selenium.remote.ElementLocation.findElement(ElementLocation.java:59)
at org.openqa.selenium.remote.RemoteWebDriver.findElement(RemoteWebDriver.java:368)
at org.openqa.selenium.remote.RemoteWebDriver.findElement(RemoteWebDriver.java:362)
at org.openqa.selenium.support.pagefactory.DefaultElementLocator.findElement(DefaultElementLocator.java:68)
at org.openqa.selenium.support.pagefactory.internal.LocatingElementHandler.invoke(LocatingElementHandler.java:38)
at jdk.proxy2/jdk.proxy2.$Proxy26.click(Unknown Source)
at com.actions.PatientActions.setTime(PatientActions.java:192)
at com.definitions.PatientDefinition.the_user_can_fill_the_appointment(PatientDefinition.java:123)
at ✽.the User can fill the appointment(file:///C:/Users/gayat/git/Smart_Hospital_Cucumber/SmartHospitals_Cucumber/src/test/resources/Features/PatientAppointment.feature:19)
]]>
    </error>
  </testcase> <!-- runScenario -->
</testsuite> <!-- com.runner.RunnerClass -->
