<?xml version="1.0" encoding="UTF-8"?>
<!-- Generated by org.testng.reporters.JUnitReportReporter -->
<testsuite hostname="Gayathri" failures="0" tests="39" name="com.runner.RunnerClass" time="1179.932" errors="1" timestamp="2025-04-15T21:48:19 IST" skipped="0">
  <testcase classname="com.runner.RunnerClass" name="runScenario" time="29.226"/>
  <testcase classname="com.runner.RunnerClass" name="runScenario" time="16.555"/>
  <testcase classname="com.runner.RunnerClass" name="runScenario" time="29.562"/>
  <testcase classname="com.runner.RunnerClass" name="runScenario" time="30.958"/>
  <testcase classname="com.runner.RunnerClass" name="runScenario" time="15.138"/>
  <testcase classname="com.runner.RunnerClass" name="runScenario" time="54.633"/>
  <testcase classname="com.runner.RunnerClass" name="runScenario" time="25.645"/>
  <testcase classname="com.runner.RunnerClass" name="runScenario" time="51.783"/>
  <testcase classname="com.runner.RunnerClass" name="runScenario" time="13.255"/>
  <testcase classname="com.runner.RunnerClass" name="runScenario" time="36.686"/>
  <testcase classname="com.runner.RunnerClass" name="runScenario" time="30.949"/>
  <testcase classname="com.runner.RunnerClass" name="runScenario" time="20.105"/>
  <testcase classname="com.runner.RunnerClass" name="runScenario" time="22.681"/>
  <testcase classname="com.runner.RunnerClass" name="runScenario" time="16.421"/>
  <testcase classname="com.runner.RunnerClass" name="runScenario" time="31.616"/>
  <testcase classname="com.runner.RunnerClass" name="runScenario" time="16.774"/>
  <testcase classname="com.runner.RunnerClass" name="runScenario" time="33.823"/>
  <testcase classname="com.runner.RunnerClass" name="runScenario" time="15.116"/>
  <testcase classname="com.runner.RunnerClass" name="runScenario" time="51.320"/>
  <testcase classname="com.runner.RunnerClass" name="runScenario" time="51.423"/>
  <testcase classname="com.runner.RunnerClass" name="runScenario" time="16.575"/>
  <testcase classname="com.runner.RunnerClass" name="runScenario" time="21.841"/>
  <testcase classname="com.runner.RunnerClass" name="runScenario" time="66.602"/>
  <testcase classname="com.runner.RunnerClass" name="runScenario" time="25.827"/>
  <testcase classname="com.runner.RunnerClass" name="runScenario" time="27.916"/>
  <testcase classname="com.runner.RunnerClass" name="runScenario" time="26.737"/>
  <testcase classname="com.runner.RunnerClass" name="runScenario" time="22.091"/>
  <testcase classname="com.runner.RunnerClass" name="runScenario" time="44.741"/>
  <testcase classname="com.runner.RunnerClass" name="runScenario" time="29.024"/>
  <testcase classname="com.runner.RunnerClass" name="runScenario" time="19.966"/>
  <testcase classname="com.runner.RunnerClass" name="runScenario" time="21.993"/>
  <testcase classname="com.runner.RunnerClass" name="runScenario" time="20.499"/>
  <testcase classname="com.runner.RunnerClass" name="runScenario" time="28.602"/>
  <testcase classname="com.runner.RunnerClass" name="runScenario" time="51.852"/>
  <testcase classname="com.runner.RunnerClass" name="runScenario" time="22.250"/>
  <testcase classname="com.runner.RunnerClass" name="runScenario" time="48.091"/>
  <testcase classname="com.runner.RunnerClass" name="runScenario" time="24.132">
    <error message="Keys to send should be a not null CharSequence" type="java.lang.IllegalArgumentException">
      <![CDATA[java.lang.IllegalArgumentException: Keys to send should be a not null CharSequence
at org.openqa.selenium.remote.RemoteWebElement.sendKeys(RemoteWebElement.java:96)
at java.base/jdk.internal.reflect.DirectMethodHandleAccessor.invoke(DirectMethodHandleAccessor.java:103)
at java.base/java.lang.reflect.Method.invoke(Method.java:580)
at org.openqa.selenium.support.pagefactory.internal.LocatingElementHandler.invoke(LocatingElementHandler.java:51)
at jdk.proxy2/jdk.proxy2.$Proxy27.sendKeys(Unknown Source)
at com.actions.PatientActions.AppointmentDetails(PatientActions.java:155)
at com.definitions.PatientDefinition.the_user_can_fill_the_appointment_form(PatientDefinition.java:120)
at âœ½.the User can fill the appointment form(file:///C:/Users/gayat/git/Smart_Hospital_Cucumber/SmartHospitals_Cucumber/src/test/resources/Features/PatientAppointment.feature:12)
]]>
    </error>
  </testcase> <!-- runScenario -->
  <testcase classname="com.runner.RunnerClass" name="runScenario" time="35.653"/>
  <testcase classname="com.runner.RunnerClass" name="runScenario" time="31.871"/>
</testsuite> <!-- com.runner.RunnerClass -->
