<?xml version="1.0" encoding="UTF-8"?>
<!-- Generated by org.testng.reporters.JUnitReportReporter -->
<<<<<<< HEAD
<testsuite hostname="Gayathri" failures="0" tests="22" name="com.runner.RunnerClass" time="183.491" errors="0" timestamp="2025-04-11T15:39:04 IST" skipped="0">
  <testcase classname="com.runner.RunnerClass" name="runScenario" time="3.562"/>
  <testcase classname="com.runner.RunnerClass" name="runScenario" time="7.037"/>
  <testcase classname="com.runner.RunnerClass" name="runScenario" time="7.424"/>
  <testcase classname="com.runner.RunnerClass" name="runScenario" time="3.569"/>
  <testcase classname="com.runner.RunnerClass" name="runScenario" time="14.451"/>
  <testcase classname="com.runner.RunnerClass" name="runScenario" time="6.668"/>
  <testcase classname="com.runner.RunnerClass" name="runScenario" time="3.285"/>
  <testcase classname="com.runner.RunnerClass" name="runScenario" time="6.104"/>
  <testcase classname="com.runner.RunnerClass" name="runScenario" time="7.161"/>
  <testcase classname="com.runner.RunnerClass" name="runScenario" time="18.311"/>
  <testcase classname="com.runner.RunnerClass" name="runScenario" time="3.237"/>
  <testcase classname="com.runner.RunnerClass" name="runScenario" time="15.452"/>
  <testcase classname="com.runner.RunnerClass" name="runScenario" time="3.403"/>
  <testcase classname="com.runner.RunnerClass" name="runScenario" time="5.653"/>
  <testcase classname="com.runner.RunnerClass" name="runScenario" time="14.355"/>
  <testcase classname="com.runner.RunnerClass" name="runScenario" time="3.802"/>
  <testcase classname="com.runner.RunnerClass" name="runScenario" time="6.974"/>
  <testcase classname="com.runner.RunnerClass" name="runScenario" time="7.092"/>
  <testcase classname="com.runner.RunnerClass" name="runScenario" time="17.627"/>
  <testcase classname="com.runner.RunnerClass" name="runScenario" time="7.025"/>
  <testcase classname="com.runner.RunnerClass" name="runScenario" time="7.028"/>
  <testcase classname="com.runner.RunnerClass" name="runScenario" time="14.271"/>
=======
<testsuite hostname="GOWRISANKAR" failures="0" tests="22" name="com.runner.RunnerClass" time="1667.443" errors="1" timestamp="2025-04-11T15:47:09 IST" skipped="0">
  <testcase classname="com.runner.RunnerClass" name="runScenario" time="119.521"/>
  <testcase classname="com.runner.RunnerClass" name="runScenario" time="140.386"/>
  <testcase classname="com.runner.RunnerClass" name="runScenario" time="34.019"/>
  <testcase classname="com.runner.RunnerClass" name="runScenario" time="146.948"/>
  <testcase classname="com.runner.RunnerClass" name="runScenario" time="15.545"/>
  <testcase classname="com.runner.RunnerClass" name="runScenario" time="23.382"/>
  <testcase classname="com.runner.RunnerClass" name="runScenario" time="141.520"/>
  <testcase classname="com.runner.RunnerClass" name="runScenario" time="146.718"/>
  <testcase classname="com.runner.RunnerClass" name="runScenario" time="27.330"/>
  <testcase classname="com.runner.RunnerClass" name="runScenario" time="166.740">
    <error message="element not interactable
  (Session info: chrome=135.0.7049.85)
Build info: version: &#039;4.30.0&#039;, revision: &#039;509c7f17cc*&#039;
System info: os.name: &#039;Windows 11&#039;, os.arch: &#039;amd64&#039;, os.version: &#039;10.0&#039;, java.version: &#039;21.0.6&#039;
Driver info: org.openqa.selenium.chrome.ChromeDriver
Command: [c77fa1ede408d97dcbc46547258256b3, clickElement {id=f.895A78B0B97C82DD1C06B8F73576764F.d.FDE7422441CB63005F13B648BB02DDD2.e.9638}]
Capabilities {acceptInsecureCerts: false, browserName: chrome, browserVersion: 135.0.7049.85, chrome: {chromedriverVersion: 135.0.7049.84 (6c019e560019..., userDataDir: C:\Users\GOWRIS~1\AppData\L...}, fedcm:accounts: true, goog:chromeOptions: {debuggerAddress: localhost:54729}, networkConnectionEnabled: false, pageLoadStrategy: normal, platformName: windows, proxy: Proxy(), se:cdp: ws://localhost:54729/devtoo..., se:cdpVersion: 135.0.7049.85, setWindowRect: true, strictFileInteractability: false, timeouts: {implicit: 0, pageLoad: 300000, script: 30000}, unhandledPromptBehavior: dismiss and notify, webauthn:extension:credBlob: true, webauthn:extension:largeBlob: true, webauthn:extension:minPinLength: true, webauthn:extension:prf: true, webauthn:virtualAuthenticators: true}
Element: [[ChromeDriver: chrome on windows (c77fa1ede408d97dcbc46547258256b3)] -&gt; xpath: //a[@id=&quot;add&quot;]]
Session ID: c77fa1ede408d97dcbc46547258256b3" type="org.openqa.selenium.ElementNotInteractableException">
      <![CDATA[org.openqa.selenium.ElementNotInteractableException: element not interactable
  (Session info: chrome=135.0.7049.85)
Build info: version: '4.30.0', revision: '509c7f17cc*'
System info: os.name: 'Windows 11', os.arch: 'amd64', os.version: '10.0', java.version: '21.0.6'
Driver info: org.openqa.selenium.chrome.ChromeDriver
Command: [c77fa1ede408d97dcbc46547258256b3, clickElement {id=f.895A78B0B97C82DD1C06B8F73576764F.d.FDE7422441CB63005F13B648BB02DDD2.e.9638}]
Capabilities {acceptInsecureCerts: false, browserName: chrome, browserVersion: 135.0.7049.85, chrome: {chromedriverVersion: 135.0.7049.84 (6c019e560019..., userDataDir: C:\Users\GOWRIS~1\AppData\L...}, fedcm:accounts: true, goog:chromeOptions: {debuggerAddress: localhost:54729}, networkConnectionEnabled: false, pageLoadStrategy: normal, platformName: windows, proxy: Proxy(), se:cdp: ws://localhost:54729/devtoo..., se:cdpVersion: 135.0.7049.85, setWindowRect: true, strictFileInteractability: false, timeouts: {implicit: 0, pageLoad: 300000, script: 30000}, unhandledPromptBehavior: dismiss and notify, webauthn:extension:credBlob: true, webauthn:extension:largeBlob: true, webauthn:extension:minPinLength: true, webauthn:extension:prf: true, webauthn:virtualAuthenticators: true}
Element: [[ChromeDriver: chrome on windows (c77fa1ede408d97dcbc46547258256b3)] -> xpath: //a[@id="add"]]
Session ID: c77fa1ede408d97dcbc46547258256b3
at java.base/jdk.internal.reflect.DirectConstructorHandleAccessor.newInstance(DirectConstructorHandleAccessor.java:62)
at java.base/java.lang.reflect.Constructor.newInstanceWithCaller(Constructor.java:502)
at java.base/java.lang.reflect.Constructor.newInstance(Constructor.java:486)
at org.openqa.selenium.remote.ErrorCodec.decode(ErrorCodec.java:167)
at org.openqa.selenium.remote.codec.w3c.W3CHttpResponseCodec.decode(W3CHttpResponseCodec.java:138)
at org.openqa.selenium.remote.codec.w3c.W3CHttpResponseCodec.decode(W3CHttpResponseCodec.java:50)
at org.openqa.selenium.remote.HttpCommandExecutor.execute(HttpCommandExecutor.java:215)
at org.openqa.selenium.remote.service.DriverCommandExecutor.invokeExecute(DriverCommandExecutor.java:216)
at org.openqa.selenium.remote.service.DriverCommandExecutor.execute(DriverCommandExecutor.java:174)
at org.openqa.selenium.remote.RemoteWebDriver.execute(RemoteWebDriver.java:545)
at org.openqa.selenium.remote.RemoteWebElement.execute(RemoteWebElement.java:223)
at org.openqa.selenium.remote.RemoteWebElement.click(RemoteWebElement.java:76)
at java.base/jdk.internal.reflect.DirectMethodHandleAccessor.invoke(DirectMethodHandleAccessor.java:103)
at java.base/java.lang.reflect.Method.invoke(Method.java:580)
at org.openqa.selenium.support.pagefactory.internal.LocatingElementHandler.invoke(LocatingElementHandler.java:51)
at jdk.proxy2/jdk.proxy2.$Proxy29.click(Unknown Source)
at com.actions.DoctorActions.clickMethod(DoctorActions.java:172)
at com.actions.DoctorActions.addPatient(DoctorActions.java:32)
at com.definitions.DoctorDefinition.doctor_clicks_on_new_patient_button(DoctorDefinition.java:29)
at âœ½.Doctor clicks on New Patient button(file:///C:/Users/GOWRISANKAR/git/Smart_Hospital_Cucumber/SmartHospitals_Cucumber/src/test/resources/Features/DoctorFeature.feature:6)
]]>
    </error>
  </testcase> <!-- runScenario -->
  <testcase classname="com.runner.RunnerClass" name="runScenario" time="120.553"/>
  <testcase classname="com.runner.RunnerClass" name="runScenario" time="13.800"/>
  <testcase classname="com.runner.RunnerClass" name="runScenario" time="154.229"/>
  <testcase classname="com.runner.RunnerClass" name="runScenario" time="23.830"/>
  <testcase classname="com.runner.RunnerClass" name="runScenario" time="15.486"/>
  <testcase classname="com.runner.RunnerClass" name="runScenario" time="138.830"/>
  <testcase classname="com.runner.RunnerClass" name="runScenario" time="138.895"/>
  <testcase classname="com.runner.RunnerClass" name="runScenario" time="14.642"/>
  <testcase classname="com.runner.RunnerClass" name="runScenario" time="33.111"/>
  <testcase classname="com.runner.RunnerClass" name="runScenario" time="15.452"/>
  <testcase classname="com.runner.RunnerClass" name="runScenario" time="23.898"/>
  <testcase classname="com.runner.RunnerClass" name="runScenario" time="12.608"/>
>>>>>>> branch 'main' of https://github.com/Gayathri0017/Smart_Hospital_Cucumber.git
</testsuite> <!-- com.runner.RunnerClass -->
