<?xml version="1.0" encoding="UTF-8"?>
<!-- Generated by org.testng.reporters.JUnitReportReporter -->
<testsuite hostname="Gayathri" failures="0" tests="22" name="com.runner.RunnerClass" time="140.198" errors="0" timestamp="2025-04-11T00:39:43 IST" skipped="0">
  <testcase classname="com.runner.RunnerClass" name="runScenario" time="2.541"/>
  <testcase classname="com.runner.RunnerClass" name="runScenario" time="13.089"/>
  <testcase classname="com.runner.RunnerClass" name="runScenario" time="4.357"/>
  <testcase classname="com.runner.RunnerClass" name="runScenario" time="13.586"/>
  <testcase classname="com.runner.RunnerClass" name="runScenario" time="3.925"/>
  <testcase classname="com.runner.RunnerClass" name="runScenario" time="2.411"/>
  <testcase classname="com.runner.RunnerClass" name="runScenario" time="17.542"/>
  <testcase classname="com.runner.RunnerClass" name="runScenario" time="4.219"/>
  <testcase classname="com.runner.RunnerClass" name="runScenario" time="2.098"/>
  <testcase classname="com.runner.RunnerClass" name="runScenario" time="3.018"/>
  <testcase classname="com.runner.RunnerClass" name="runScenario" time="3.652"/>
  <testcase classname="com.runner.RunnerClass" name="runScenario" time="2.772"/>
  <testcase classname="com.runner.RunnerClass" name="runScenario" time="13.078"/>
  <testcase classname="com.runner.RunnerClass" name="runScenario" time="2.244"/>
  <testcase classname="com.runner.RunnerClass" name="runScenario" time="3.222"/>
  <testcase classname="com.runner.RunnerClass" name="runScenario" time="12.793"/>
  <testcase classname="com.runner.RunnerClass" name="runScenario" time="2.780"/>
  <testcase classname="com.runner.RunnerClass" name="runScenario" time="4.298"/>
  <testcase classname="com.runner.RunnerClass" name="runScenario" time="3.851"/>
  <testcase classname="com.runner.RunnerClass" name="runScenario" time="16.668"/>
  <testcase classname="com.runner.RunnerClass" name="runScenario" time="3.990"/>
  <testcase classname="com.runner.RunnerClass" name="runScenario" time="4.064"/>
</testsuite> <!-- com.runner.RunnerClass -->
