<?xml version="1.0" encoding="UTF-8"?>
<!-- Generated by org.testng.reporters.JUnitReportReporter -->
<testsuite hostname="Gayathri" failures="0" tests="40" name="com.runner.RunnerClass" time="1249.991" errors="3" timestamp="2025-04-15T18:46:21 IST" skipped="0">
  <testcase classname="com.runner.RunnerClass" name="runScenario" time="49.074"/>
  <testcase classname="com.runner.RunnerClass" name="runScenario" time="16.988"/>
  <testcase classname="com.runner.RunnerClass" name="runScenario" time="23.721"/>
  <testcase classname="com.runner.RunnerClass" name="runScenario" time="30.717"/>
  <testcase classname="com.runner.RunnerClass" name="runScenario" time="16.838">
    <error message="Keys to send should be a not null CharSequence" type="java.lang.IllegalArgumentException">
      <![CDATA[java.lang.IllegalArgumentException: Keys to send should be a not null CharSequence
at org.openqa.selenium.remote.RemoteWebElement.sendKeys(RemoteWebElement.java:96)
at java.base/jdk.internal.reflect.DirectMethodHandleAccessor.invoke(DirectMethodHandleAccessor.java:103)
at java.base/java.lang.reflect.Method.invoke(Method.java:580)
at org.openqa.selenium.support.pagefactory.internal.LocatingElementHandler.invoke(LocatingElementHandler.java:51)
at jdk.proxy2/jdk.proxy2.$Proxy27.sendKeys(Unknown Source)
at com.actions.PatientActions.AppointmentDetails(PatientActions.java:155)
at com.definitions.PatientDefinition.the_user_can_fill_the_appointment_form(PatientDefinition.java:120)
at âœ½.the User can fill the appointment form(file:///C:/Users/gayat/git/Smart_Hospital_Cucumber/SmartHospitals_Cucumber/src/test/resources/Features/PatientAppointment.feature:12)
]]>
    </error>
  </testcase> <!-- runScenario -->
  <testcase classname="com.runner.RunnerClass" name="runScenario" time="59.720"/>
  <testcase classname="com.runner.RunnerClass" name="runScenario" time="21.744"/>
  <testcase classname="com.runner.RunnerClass" name="runScenario" time="59.065">
    <error message="Cannot locate option with text: Bed id
For documentation on this error, please visit: https://www.selenium.dev/documentation/webdriver/troubleshooting/errors#no-such-element-exception
Build info: version: &#039;4.30.0&#039;, revision: &#039;509c7f17cc*&#039;
System info: os.name: &#039;Windows 11&#039;, os.arch: &#039;amd64&#039;, os.version: &#039;10.0&#039;, java.version: &#039;21.0.6&#039;
Driver info: driver.version: unknown" type="org.openqa.selenium.NoSuchElementException">
      <![CDATA[org.openqa.selenium.NoSuchElementException: Cannot locate option with text: Bed id
For documentation on this error, please visit: https://www.selenium.dev/documentation/webdriver/troubleshooting/errors#no-such-element-exception
Build info: version: '4.30.0', revision: '509c7f17cc*'
System info: os.name: 'Windows 11', os.arch: 'amd64', os.version: '10.0', java.version: '21.0.6'
Driver info: driver.version: unknown
at org.openqa.selenium.support.ui.Select.selectByVisibleText(Select.java:167)
at com.actions.ManageOutPatientActions.sendBedDetails(ManageOutPatientActions.java:40)
at com.definitions.ManageOutPatientDefinition.the_doctor_enter_the_and(ManageOutPatientDefinition.java:26)
at âœ½.the doctor enter the <"Bed id"> and <"Bed number">(file:///C:/Users/gayat/git/Smart_Hospital_Cucumber/SmartHospitals_Cucumber/src/test/resources/Features/ManageOutPatient.feature:8)
]]>
    </error>
  </testcase> <!-- runScenario -->
  <testcase classname="com.runner.RunnerClass" name="runScenario" time="9.989"/>
  <testcase classname="com.runner.RunnerClass" name="runScenario" time="47.022"/>
  <testcase classname="com.runner.RunnerClass" name="runScenario" time="39.479"/>
  <testcase classname="com.runner.RunnerClass" name="runScenario" time="26.020"/>
  <testcase classname="com.runner.RunnerClass" name="runScenario" time="42.827"/>
  <testcase classname="com.runner.RunnerClass" name="runScenario" time="53.399"/>
  <testcase classname="com.runner.RunnerClass" name="runScenario" time="10.425"/>
  <testcase classname="com.runner.RunnerClass" name="runScenario" time="24.871"/>
  <testcase classname="com.runner.RunnerClass" name="runScenario" time="15.919"/>
  <testcase classname="com.runner.RunnerClass" name="runScenario" time="18.408"/>
  <testcase classname="com.runner.RunnerClass" name="runScenario" time="15.817"/>
  <testcase classname="com.runner.RunnerClass" name="runScenario" time="18.695"/>
  <testcase classname="com.runner.RunnerClass" name="runScenario" time="18.856"/>
  <testcase classname="com.runner.RunnerClass" name="runScenario" time="54.146"/>
  <testcase classname="com.runner.RunnerClass" name="runScenario" time="63.917"/>
  <testcase classname="com.runner.RunnerClass" name="runScenario" time="14.553"/>
  <testcase classname="com.runner.RunnerClass" name="runScenario" time="40.680">
    <error message="Expected condition failed: waiting for alert to be present (tried for 10 second(s) with 500 milliseconds interval)
Build info: version: &#039;4.30.0&#039;, revision: &#039;509c7f17cc*&#039;
System info: os.name: &#039;Windows 11&#039;, os.arch: &#039;amd64&#039;, os.version: &#039;10.0&#039;, java.version: &#039;21.0.6&#039;
Driver info: org.openqa.selenium.chrome.ChromeDriver
Capabilities {acceptInsecureCerts: false, browserName: chrome, browserVersion: 135.0.7049.85, chrome: {chromedriverVersion: 135.0.7049.84 (6c019e560019..., userDataDir: C:\Users\gayat\AppData\Loca...}, fedcm:accounts: true, goog:chromeOptions: {debuggerAddress: localhost:55248}, networkConnectionEnabled: false, pageLoadStrategy: normal, platformName: windows, proxy: Proxy(), se:cdp: ws://localhost:55248/devtoo..., se:cdpVersion: 135.0.7049.85, setWindowRect: true, strictFileInteractability: false, timeouts: {implicit: 0, pageLoad: 300000, script: 30000}, unhandledPromptBehavior: dismiss and notify, webauthn:extension:credBlob: true, webauthn:extension:largeBlob: true, webauthn:extension:minPinLength: true, webauthn:extension:prf: true, webauthn:virtualAuthenticators: true}
Session ID: 489ce6b379abe450ec246b88406ce6a4" type="org.openqa.selenium.TimeoutException">
      <![CDATA[org.openqa.selenium.TimeoutException: Expected condition failed: waiting for alert to be present (tried for 10 second(s) with 500 milliseconds interval)
Build info: version: '4.30.0', revision: '509c7f17cc*'
System info: os.name: 'Windows 11', os.arch: 'amd64', os.version: '10.0', java.version: '21.0.6'
Driver info: org.openqa.selenium.chrome.ChromeDriver
Capabilities {acceptInsecureCerts: false, browserName: chrome, browserVersion: 135.0.7049.85, chrome: {chromedriverVersion: 135.0.7049.84 (6c019e560019..., userDataDir: C:\Users\gayat\AppData\Loca...}, fedcm:accounts: true, goog:chromeOptions: {debuggerAddress: localhost:55248}, networkConnectionEnabled: false, pageLoadStrategy: normal, platformName: windows, proxy: Proxy(), se:cdp: ws://localhost:55248/devtoo..., se:cdpVersion: 135.0.7049.85, setWindowRect: true, strictFileInteractability: false, timeouts: {implicit: 0, pageLoad: 300000, script: 30000}, unhandledPromptBehavior: dismiss and notify, webauthn:extension:credBlob: true, webauthn:extension:largeBlob: true, webauthn:extension:minPinLength: true, webauthn:extension:prf: true, webauthn:virtualAuthenticators: true}
Session ID: 489ce6b379abe450ec246b88406ce6a4
at org.openqa.selenium.support.ui.WebDriverWait.timeoutException(WebDriverWait.java:84)
at org.openqa.selenium.support.ui.FluentWait.until(FluentWait.java:228)
at com.definitions.PatientDefinition.the_user_can_fill_the_appointment(PatientDefinition.java:104)
at âœ½.the User can fill the appointment(file:///C:/Users/gayat/git/Smart_Hospital_Cucumber/SmartHospitals_Cucumber/src/test/resources/Features/PatientAppointment.feature:17)
]]>
    </error>
  </testcase> <!-- runScenario -->
  <testcase classname="com.runner.RunnerClass" name="runScenario" time="41.644"/>
  <testcase classname="com.runner.RunnerClass" name="runScenario" time="63.928"/>
  <testcase classname="com.runner.RunnerClass" name="runScenario" time="52.777"/>
  <testcase classname="com.runner.RunnerClass" name="runScenario" time="23.474"/>
  <testcase classname="com.runner.RunnerClass" name="runScenario" time="22.191"/>
  <testcase classname="com.runner.RunnerClass" name="runScenario" time="11.563"/>
  <testcase classname="com.runner.RunnerClass" name="runScenario" time="56.064"/>
  <testcase classname="com.runner.RunnerClass" name="runScenario" time="16.004"/>
  <testcase classname="com.runner.RunnerClass" name="runScenario" time="15.422"/>
  <testcase classname="com.runner.RunnerClass" name="runScenario" time="30.194"/>
  <testcase classname="com.runner.RunnerClass" name="runScenario" time="28.841"/>
  <testcase classname="com.runner.RunnerClass" name="runScenario" time="15.625"/>
  <testcase classname="com.runner.RunnerClass" name="runScenario" time="30.312"/>
  <testcase classname="com.runner.RunnerClass" name="runScenario" time="20.401"/>
  <testcase classname="com.runner.RunnerClass" name="runScenario" time="28.661"/>
</testsuite> <!-- com.runner.RunnerClass -->
