<?xml version="1.0" encoding="UTF-8"?>
<!-- Generated by org.testng.reporters.JUnitReportReporter -->
<testsuite hostname="Gayathri" failures="0" tests="22" name="com.runner.RunnerClass" time="519.013" errors="0" timestamp="2025-04-12T21:24:13 IST" skipped="0">
  <testcase classname="com.runner.RunnerClass" name="runScenario" time="11.104"/>
  <testcase classname="com.runner.RunnerClass" name="runScenario" time="20.398"/>
  <testcase classname="com.runner.RunnerClass" name="runScenario" time="20.293"/>
  <testcase classname="com.runner.RunnerClass" name="runScenario" time="22.649"/>
  <testcase classname="com.runner.RunnerClass" name="runScenario" time="15.467"/>
  <testcase classname="com.runner.RunnerClass" name="runScenario" time="11.764"/>
  <testcase classname="com.runner.RunnerClass" name="runScenario" time="51.201"/>
  <testcase classname="com.runner.RunnerClass" name="runScenario" time="41.998"/>
  <testcase classname="com.runner.RunnerClass" name="runScenario" time="9.816"/>
  <testcase classname="com.runner.RunnerClass" name="runScenario" time="10.077"/>
  <testcase classname="com.runner.RunnerClass" name="runScenario" time="14.316"/>
  <testcase classname="com.runner.RunnerClass" name="runScenario" time="33.840"/>
  <testcase classname="com.runner.RunnerClass" name="runScenario" time="41.801"/>
  <testcase classname="com.runner.RunnerClass" name="runScenario" time="13.900"/>
  <testcase classname="com.runner.RunnerClass" name="runScenario" time="41.199"/>
  <testcase classname="com.runner.RunnerClass" name="runScenario" time="20.293"/>
  <testcase classname="com.runner.RunnerClass" name="runScenario" time="15.633"/>
  <testcase classname="com.runner.RunnerClass" name="runScenario" time="33.488"/>
  <testcase classname="com.runner.RunnerClass" name="runScenario" time="20.293"/>
  <testcase classname="com.runner.RunnerClass" name="runScenario" time="9.521"/>
  <testcase classname="com.runner.RunnerClass" name="runScenario" time="15.957"/>
  <testcase classname="com.runner.RunnerClass" name="runScenario" time="44.005"/>
</testsuite> <!-- com.runner.RunnerClass -->
