<?xml version="1.0" encoding="UTF-8"?>
<!-- Generated by org.testng.reporters.JUnitReportReporter -->
<testsuite hostname="GOWRISANKAR" failures="0" tests="8" name="com.runner.RunnerClass" time="217.089" errors="0" timestamp="2025-05-05T17:12:20 IST" skipped="0">
  <testcase classname="com.runner.RunnerClass" name="runScenario" time="26.801"/>
  <testcase classname="com.runner.RunnerClass" name="runScenario" time="27.284"/>
  <testcase classname="com.runner.RunnerClass" name="runScenario" time="25.438"/>
  <testcase classname="com.runner.RunnerClass" name="runScenario" time="27.375"/>
  <testcase classname="com.runner.RunnerClass" name="runScenario" time="27.513"/>
  <testcase classname="com.runner.RunnerClass" name="runScenario" time="27.790"/>
  <testcase classname="com.runner.RunnerClass" name="runScenario" time="27.375"/>
  <testcase classname="com.runner.RunnerClass" name="runScenario" time="27.513"/>
</testsuite> <!-- com.runner.RunnerClass -->
