<?xml version="1.0" encoding="UTF-8"?>
<!-- Generated by org.testng.reporters.JUnitReportReporter -->

<testsuite hostname="GOWRISANKAR" failures="0" tests="1" name="com.runner.RunnerClass" time="11.345" errors="0" timestamp="2025-04-16T11:48:57 IST" skipped="0">
  <testcase classname="com.runner.RunnerClass" name="runScenario" time="11.345"/>
</testsuite> <!-- com.runner.RunnerClass -->
