<?xml version="1.0" encoding="UTF-8"?>
<!-- Generated by org.testng.reporters.JUnitReportReporter -->
<testsuite hostname="GOWRISANKAR" failures="0" tests="9" name="com.runner.RunnerClass" time="92.944" errors="0" timestamp="2025-04-10T12:57:56 IST" skipped="0">
  <testcase classname="com.runner.RunnerClass" name="runScenario" time="8.755"/>
  <testcase classname="com.runner.RunnerClass" name="runScenario" time="7.043"/>
  <testcase classname="com.runner.RunnerClass" name="runScenario" time="7.403"/>
  <testcase classname="com.runner.RunnerClass" name="runScenario" time="6.826"/>
  <testcase classname="com.runner.RunnerClass" name="runScenario" time="6.502"/>
  <testcase classname="com.runner.RunnerClass" name="runScenario" time="23.799"/>
  <testcase classname="com.runner.RunnerClass" name="runScenario" time="5.934"/>
  <testcase classname="com.runner.RunnerClass" name="runScenario" time="7.043"/>
  <testcase classname="com.runner.RunnerClass" name="runScenario" time="19.639"/>
</testsuite> <!-- com.runner.RunnerClass -->
