<?xml version="1.0" encoding="UTF-8"?>
<!-- Generated by org.testng.reporters.JUnitReportReporter -->
<testsuite hostname="GOWRISANKAR" failures="0" tests="3" name="com.runner.RunnerClass" time="50.355" errors="0" timestamp="2025-04-16T15:09:20 IST" skipped="0">
  <testcase classname="com.runner.RunnerClass" name="runScenario" time="16.993"/>
  <testcase classname="com.runner.RunnerClass" name="runScenario" time="15.487"/>
  <testcase classname="com.runner.RunnerClass" name="runScenario" time="17.875"/>
</testsuite> <!-- com.runner.RunnerClass -->
