<?xml version="1.0" encoding="UTF-8"?>
<!-- Generated by org.testng.reporters.JUnitReportReporter -->
<testsuite hostname="LAPTOP-RG2DJRNT" failures="0" tests="9" name="com.runner.RunnerClass" time="48.480" errors="0" timestamp="2025-04-10T16:52:36 IST" skipped="0">
  <testcase classname="com.runner.RunnerClass" name="runScenario" time="6.752"/>
  <testcase classname="com.runner.RunnerClass" name="runScenario" time="5.491"/>
  <testcase classname="com.runner.RunnerClass" name="runScenario" time="6.887"/>
  <testcase classname="com.runner.RunnerClass" name="runScenario" time="7.095"/>
  <testcase classname="com.runner.RunnerClass" name="runScenario" time="3.473"/>
  <testcase classname="com.runner.RunnerClass" name="runScenario" time="8.121"/>
  <testcase classname="com.runner.RunnerClass" name="runScenario" time="3.994"/>
  <testcase classname="com.runner.RunnerClass" name="runScenario" time="3.343"/>
  <testcase classname="com.runner.RunnerClass" name="runScenario" time="3.324"/>
</testsuite> <!-- com.runner.RunnerClass -->
