<?xml version="1.0" encoding="UTF-8"?>
<!-- Generated by org.testng.reporters.JUnitReportReporter -->
<testsuite hostname="Gayathri" failures="0" tests="11" name="com.runner.RunnerClass" time="536.238" errors="0" timestamp="2025-04-13T21:37:30 IST" skipped="0">
  <testcase classname="com.runner.RunnerClass" name="runScenario" time="50.779"/>
  <testcase classname="com.runner.RunnerClass" name="runScenario" time="51.685"/>
  <testcase classname="com.runner.RunnerClass" name="runScenario" time="52.448"/>
  <testcase classname="com.runner.RunnerClass" name="runScenario" time="50.978"/>
  <testcase classname="com.runner.RunnerClass" name="runScenario" time="51.836"/>
  <testcase classname="com.runner.RunnerClass" name="runScenario" time="51.779"/>
  <testcase classname="com.runner.RunnerClass" name="runScenario" time="53.466"/>
  <testcase classname="com.runner.RunnerClass" name="runScenario" time="53.822"/>
  <testcase classname="com.runner.RunnerClass" name="runScenario" time="15.402"/>
  <testcase classname="com.runner.RunnerClass" name="runScenario" time="51.775"/>
  <testcase classname="com.runner.RunnerClass" name="runScenario" time="52.268"/>
</testsuite> <!-- com.runner.RunnerClass -->
